<?xml version="1.0" encoding="UTF-8"?>
<robot generator="Robot 7.2.2 (Python 3.13.3 on win32)" generated="2025-06-03T10:20:09.148605" rpa="false" schemaversion="5">
<suite id="s1" name="Test Suites" source="E:\KriShop\test_suites">
<suite id="s1-s1" name="Full Cycle Gherkin" source="E:\KriShop\test_suites\Full_Cycle_Gherkin.robot">
<test id="s1-s1-t1" name="Scenario: Verify that Full Cycle of Product Buy in Krishop is Successfully" line="15">
<kw name="Open app" owner="AppSetup">
<kw name="Open Application" owner="AppiumLibrary">
<arg>${REMOTE_URL}</arg>
<arg>platformName=${PLATFORM_NAME}</arg>
<arg>platformVersion=${PLATFORM_VERSION}</arg>
<arg>deviceName=${DEVICE_NAME}</arg>
<arg>app=${APP}</arg>
<arg>newCommandTimeout=${NEW_COMMAND_TIMEOUT}</arg>
<arg>uiautomator2ServerLaunchTimeout=${SERVER_LAUNCH_TIMEOUT}</arg>
<arg>uiautomator2ServerInstallTimeout=${SERVER_INSTALL_TIMEOUT}</arg>
<arg>appPackage=${APP_PACKAGE}</arg>
<arg>appActivity=${APP_ACTIVITY}</arg>
<doc>Opens a new application to given Appium server.
Capabilities of appium server, Android and iOS,
Please check https://appium.io/docs/en/2.1/cli/args/
| *Option*            | *Man.* | *Description*     |
| remote_url          | Yes    | Appium server url |
| alias               | no     | alias             |
| strict_ssl          | No     | allows you to send commands to an invalid certificate host like a self-signed one. |</doc>
<status status="PASS" start="2025-06-03T10:20:09.338997" elapsed="17.036588"/>
</kw>
<status status="PASS" start="2025-06-03T10:20:09.338478" elapsed="17.037253"/>
</kw>
<kw name="Click on a Specific Area" owner="Full_Cycle_StepDefinations">
<kw name="Wait Until Element Is Visible" owner="AppiumLibrary">
<msg time="2025-06-03T10:20:31.088803" level="INFO">xpath criteria: (//android.widget.ImageView[@resource-id="asia.ifarmer.retailer:id/ivStatus"])[2]
xpath criteria: (//android.widget.ImageView[@resource-id="asia.ifarmer.retailer:id/ivStatus"])[2]</msg>
<arg>${Specific_Area}</arg>
<doc>Waits until element specified with `locator` is visible.</doc>
<status status="PASS" start="2025-06-03T10:20:26.376550" elapsed="4.712424"/>
</kw>
<kw name="Click Element" owner="AppiumLibrary">
<msg time="2025-06-03T10:20:31.092640" level="INFO">Clicking element 'xpath=(//android.widget.ImageView[@resource-id="asia.ifarmer.retailer:id/ivStatus"])[2]'.</msg>
<msg time="2025-06-03T10:20:31.537604" level="INFO">xpath criteria: (//android.widget.ImageView[@resource-id="asia.ifarmer.retailer:id/ivStatus"])[2]</msg>
<arg>${Specific_Area}</arg>
<doc>Click element identified by `locator`.</doc>
<status status="PASS" start="2025-06-03T10:20:31.089283" elapsed="0.448441"/>
</kw>
<status status="PASS" start="2025-06-03T10:20:26.376251" elapsed="5.161599"/>
</kw>
<kw name="Click on Confirm" owner="Full_Cycle_StepDefinations">
<kw name="Wait Until Element Is Visible" owner="AppiumLibrary">
<msg time="2025-06-03T10:20:32.932753" level="INFO">xpath criteria: //android.widget.Button[@resource-id="asia.ifarmer.retailer:id/btConfirm"]</msg>
<arg>${Confirm}</arg>
<doc>Waits until element specified with `locator` is visible.</doc>
<status status="PASS" start="2025-06-03T10:20:31.538884" elapsed="1.393947"/>
</kw>
<kw name="Click Element" owner="AppiumLibrary">
<msg time="2025-06-03T10:20:32.934972" level="INFO">Clicking element 'xpath=//android.widget.Button[@resource-id="asia.ifarmer.retailer:id/btConfirm"]'.</msg>
<msg time="2025-06-03T10:20:33.642828" level="INFO">xpath criteria: //android.widget.Button[@resource-id="asia.ifarmer.retailer:id/btConfirm"]</msg>
<arg>${Confirm}</arg>
<doc>Click element identified by `locator`.</doc>
<status status="PASS" start="2025-06-03T10:20:32.932996" elapsed="0.709984"/>
</kw>
<status status="PASS" start="2025-06-03T10:20:31.538417" elapsed="2.104718"/>
</kw>
<kw name="Click on Menu button" owner="Full_Cycle_StepDefinations">
<kw name="Wait Until Element Is Visible" owner="AppiumLibrary">
<msg time="2025-06-03T10:20:37.713914" level="INFO">xpath criteria: //android.widget.ImageView[@resource-id="asia.ifarmer.retailer:id/ibMenu"]
xpath criteria: //android.widget.ImageView[@resource-id="asia.ifarmer.retailer:id/ibMenu"]
xpath criteria: //android.widget.ImageView[@resource-id="asia.ifarmer.retailer:id/ibMenu"]
xpath criteria: //android.widget.ImageView[@resource-id="asia.ifarmer.retailer:id/ibMenu"]
xpath criteria: //android.widget.ImageView[@resource-id="asia.ifarmer.retailer:id/ibMenu"]</msg>
<arg>${Menu}</arg>
<doc>Waits until element specified with `locator` is visible.</doc>
<status status="PASS" start="2025-06-03T10:20:33.644478" elapsed="4.069583"/>
</kw>
<kw name="Click Element" owner="AppiumLibrary">
<msg time="2025-06-03T10:20:37.718076" level="INFO">Clicking element 'xpath=//android.widget.ImageView[@resource-id="asia.ifarmer.retailer:id/ibMenu"]'.</msg>
<msg time="2025-06-03T10:20:39.041058" level="INFO">xpath criteria: //android.widget.ImageView[@resource-id="asia.ifarmer.retailer:id/ibMenu"]</msg>
<arg>${Menu}</arg>
<doc>Click element identified by `locator`.</doc>
<status status="PASS" start="2025-06-03T10:20:37.714334" elapsed="1.326790"/>
</kw>
<status status="PASS" start="2025-06-03T10:20:33.644029" elapsed="5.397155"/>
</kw>
<kw name="Click on Login" owner="Full_Cycle_StepDefinations">
<kw name="Wait Until Element Is Visible" owner="AppiumLibrary">
<msg time="2025-06-03T10:20:40.363082" level="INFO">xpath criteria: //android.widget.TextView[@resource-id="asia.ifarmer.retailer:id/tvLogIn"]
xpath criteria: //android.widget.TextView[@resource-id="asia.ifarmer.retailer:id/tvLogIn"]</msg>
<arg>${Login}</arg>
<doc>Waits until element specified with `locator` is visible.</doc>
<status status="PASS" start="2025-06-03T10:20:39.041955" elapsed="1.321195"/>
</kw>
<kw name="Click Element" owner="AppiumLibrary">
<msg time="2025-06-03T10:20:40.364706" level="INFO">Clicking element 'xpath=//android.widget.TextView[@resource-id="asia.ifarmer.retailer:id/tvLogIn"]'.</msg>
<msg time="2025-06-03T10:20:40.704656" level="INFO">xpath criteria: //android.widget.TextView[@resource-id="asia.ifarmer.retailer:id/tvLogIn"]</msg>
<arg>${Login}</arg>
<doc>Click element identified by `locator`.</doc>
<status status="PASS" start="2025-06-03T10:20:40.363270" elapsed="0.341503"/>
</kw>
<status status="PASS" start="2025-06-03T10:20:39.041737" elapsed="1.663147"/>
</kw>
<kw name="Click on Krishop Registration" owner="Full_Cycle_StepDefinations">
<kw name="Wait Until Element Is Visible" owner="AppiumLibrary">
<msg time="2025-06-03T10:20:41.975673" level="INFO">xpath criteria: //android.widget.Button[@resource-id="asia.ifarmer.retailer:id/btRegister"]
xpath criteria: //android.widget.Button[@resource-id="asia.ifarmer.retailer:id/btRegister"]</msg>
<arg>${Registration}</arg>
<doc>Waits until element specified with `locator` is visible.</doc>
<status status="PASS" start="2025-06-03T10:20:40.706176" elapsed="1.269561"/>
</kw>
<kw name="Click Element" owner="AppiumLibrary">
<msg time="2025-06-03T10:20:41.977199" level="INFO">Clicking element 'xpath=//android.widget.Button[@resource-id="asia.ifarmer.retailer:id/btRegister"]'.</msg>
<msg time="2025-06-03T10:20:42.256790" level="INFO">xpath criteria: //android.widget.Button[@resource-id="asia.ifarmer.retailer:id/btRegister"]</msg>
<arg>${Registration}</arg>
<doc>Click element identified by `locator`.</doc>
<status status="PASS" start="2025-06-03T10:20:41.975865" elapsed="0.281007"/>
</kw>
<status status="PASS" start="2025-06-03T10:20:40.705773" elapsed="1.551162"/>
</kw>
<kw name="Click on Mobile Number input section Registration" owner="Full_Cycle_StepDefinations">
<kw name="Wait Until Element Is Visible" owner="AppiumLibrary">
<msg time="2025-06-03T10:20:42.988003" level="INFO">xpath criteria: //android.widget.EditText[@text="মোবাইল নাম্বার"]</msg>
<arg>${Mobile_Number}</arg>
<doc>Waits until element specified with `locator` is visible.</doc>
<status status="PASS" start="2025-06-03T10:20:42.257749" elapsed="0.730324"/>
</kw>
<kw name="Input Text" owner="AppiumLibrary">
<msg time="2025-06-03T10:20:42.989621" level="INFO">Typing text '01567839611' into text field 'xpath=//android.widget.EditText[@text="মোবাইল নাম্বার"]'</msg>
<msg time="2025-06-03T10:20:43.707058" level="INFO">xpath criteria: //android.widget.EditText[@text="মোবাইল নাম্বার"]</msg>
<arg>${Mobile_Number}</arg>
<arg>${Input_Mobile_Number_Reg}</arg>
<doc>Types the given `text` into text field identified by `locator`.</doc>
<status status="PASS" start="2025-06-03T10:20:42.988219" elapsed="0.718969"/>
</kw>
<status status="PASS" start="2025-06-03T10:20:42.257503" elapsed="1.449800"/>
</kw>
<kw name="Click on Proceed" owner="Full_Cycle_StepDefinations">
<kw name="Wait Until Element Is Visible" owner="AppiumLibrary">
<msg time="2025-06-03T10:20:44.419008" level="INFO">xpath criteria: //android.widget.Button[@resource-id="asia.ifarmer.retailer:id/btProceed"]</msg>
<arg>${Proceed}</arg>
<doc>Waits until element specified with `locator` is visible.</doc>
<status status="PASS" start="2025-06-03T10:20:43.708460" elapsed="0.710707"/>
</kw>
<kw name="Click Element" owner="AppiumLibrary">
<msg time="2025-06-03T10:20:44.423615" level="INFO">Clicking element 'xpath=//android.widget.Button[@resource-id="asia.ifarmer.retailer:id/btProceed"]'.</msg>
<msg time="2025-06-03T10:20:45.048918" level="INFO">xpath criteria: //android.widget.Button[@resource-id="asia.ifarmer.retailer:id/btProceed"]</msg>
<arg>${Proceed}</arg>
<doc>Click element identified by `locator`.</doc>
<status status="PASS" start="2025-06-03T10:20:44.419456" elapsed="0.629591"/>
</kw>
<kw name="Sleep" owner="BuiltIn">
<msg time="2025-06-03T10:20:50.050361" level="INFO">Slept 5 seconds.</msg>
<arg>5s</arg>
<doc>Pauses the test executed for the given time.</doc>
<status status="PASS" start="2025-06-03T10:20:45.049314" elapsed="5.001357"/>
</kw>
<status status="PASS" start="2025-06-03T10:20:43.708056" elapsed="6.342877"/>
</kw>
<kw name="Click on Input otp1 otp2 otp3 otp4" owner="Full_Cycle_StepDefinations">
<kw name="Wait Until Element Is Visible" owner="AppiumLibrary">
<msg time="2025-06-03T10:20:51.057651" level="INFO">xpath criteria: //android.widget.EditText[@resource-id="asia.ifarmer.retailer:id/otp1"]</msg>
<arg>${OTP1}</arg>
<doc>Waits until element specified with `locator` is visible.</doc>
<status status="PASS" start="2025-06-03T10:20:50.053124" elapsed="1.004659"/>
</kw>
<kw name="Input Text" owner="AppiumLibrary">
<msg time="2025-06-03T10:20:51.061219" level="INFO">Typing text '1' into text field 'xpath=//android.widget.EditText[@resource-id="asia.ifarmer.retailer:id/otp1"]'</msg>
<msg time="2025-06-03T10:20:51.752541" level="INFO">xpath criteria: //android.widget.EditText[@resource-id="asia.ifarmer.retailer:id/otp1"]</msg>
<arg>${OTP1}</arg>
<arg>${Input_OTP1}</arg>
<doc>Types the given `text` into text field identified by `locator`.</doc>
<status status="PASS" start="2025-06-03T10:20:51.058035" elapsed="0.694645"/>
</kw>
<kw name="Input Text" owner="AppiumLibrary">
<msg time="2025-06-03T10:20:51.754932" level="INFO">Typing text '2' into text field 'xpath=//android.widget.EditText[@resource-id="asia.ifarmer.retailer:id/otp2"]'</msg>
<msg time="2025-06-03T10:20:53.035806" level="INFO">xpath criteria: //android.widget.EditText[@resource-id="asia.ifarmer.retailer:id/otp2"]</msg>
<arg>${OTP2}</arg>
<arg>${Input_OTP2}</arg>
<doc>Types the given `text` into text field identified by `locator`.</doc>
<status status="PASS" start="2025-06-03T10:20:51.752932" elapsed="1.282944"/>
</kw>
<kw name="Input Text" owner="AppiumLibrary">
<msg time="2025-06-03T10:20:53.037434" level="INFO">Typing text '3' into text field 'xpath=//android.widget.EditText[@resource-id="asia.ifarmer.retailer:id/otp3"]'</msg>
<msg time="2025-06-03T10:20:54.704783" level="INFO">xpath criteria: //android.widget.EditText[@resource-id="asia.ifarmer.retailer:id/otp3"]</msg>
<arg>${OTP3}</arg>
<arg>${Input_OTP3}</arg>
<doc>Types the given `text` into text field identified by `locator`.</doc>
<status status="PASS" start="2025-06-03T10:20:53.036010" elapsed="1.668994"/>
</kw>
<kw name="Input Text" owner="AppiumLibrary">
<msg time="2025-06-03T10:20:54.710886" level="INFO">Typing text '4' into text field 'xpath=//android.widget.EditText[@resource-id="asia.ifarmer.retailer:id/otp4"]'</msg>
<msg time="2025-06-03T10:20:56.077048" level="INFO">xpath criteria: //android.widget.EditText[@resource-id="asia.ifarmer.retailer:id/otp4"]</msg>
<arg>${OTP4}</arg>
<arg>${Input_OTP4}</arg>
<doc>Types the given `text` into text field identified by `locator`.</doc>
<status status="PASS" start="2025-06-03T10:20:54.705398" elapsed="1.371768"/>
</kw>
<status status="PASS" start="2025-06-03T10:20:50.052432" elapsed="6.024857"/>
</kw>
<kw name="Click on Proceed" owner="Full_Cycle_StepDefinations">
<kw name="Wait Until Element Is Visible" owner="AppiumLibrary">
<msg time="2025-06-03T10:20:57.658438" level="INFO">xpath criteria: //android.widget.Button[@resource-id="asia.ifarmer.retailer:id/btProceed"]</msg>
<arg>${Proceed}</arg>
<doc>Waits until element specified with `locator` is visible.</doc>
<status status="PASS" start="2025-06-03T10:20:56.078972" elapsed="1.579540"/>
</kw>
<kw name="Click Element" owner="AppiumLibrary">
<msg time="2025-06-03T10:20:57.660478" level="INFO">Clicking element 'xpath=//android.widget.Button[@resource-id="asia.ifarmer.retailer:id/btProceed"]'.</msg>
<msg time="2025-06-03T10:20:58.091190" level="INFO">xpath criteria: //android.widget.Button[@resource-id="asia.ifarmer.retailer:id/btProceed"]</msg>
<arg>${Proceed}</arg>
<doc>Click element identified by `locator`.</doc>
<status status="PASS" start="2025-06-03T10:20:57.658652" elapsed="0.432645"/>
</kw>
<kw name="Sleep" owner="BuiltIn">
<msg time="2025-06-03T10:21:03.092545" level="INFO">Slept 5 seconds.</msg>
<arg>5s</arg>
<doc>Pauses the test executed for the given time.</doc>
<status status="PASS" start="2025-06-03T10:20:58.091497" elapsed="5.001180"/>
</kw>
<status status="PASS" start="2025-06-03T10:20:56.078568" elapsed="7.014207"/>
</kw>
<kw name="Click on six digits Pin input section" owner="Full_Cycle_StepDefinations">
<kw name="Wait Until Element Is Visible" owner="AppiumLibrary">
<msg time="2025-06-03T10:21:03.799887" level="INFO">xpath criteria: //android.widget.EditText[@text="৬ সংখ্যার নতুন পিন লিখুন *"]</msg>
<arg>${PIN}</arg>
<doc>Waits until element specified with `locator` is visible.</doc>
<status status="PASS" start="2025-06-03T10:21:03.093945" elapsed="0.706059"/>
</kw>
<kw name="Input Text" owner="AppiumLibrary">
<msg time="2025-06-03T10:21:03.803175" level="INFO">Typing text '123456' into text field 'xpath=//android.widget.EditText[@text="৬ সংখ্যার নতুন পিন লিখুন *"]'</msg>
<msg time="2025-06-03T10:21:04.662565" level="INFO">xpath criteria: //android.widget.EditText[@text="৬ সংখ্যার নতুন পিন লিখুন *"]</msg>
<arg>${PIN}</arg>
<arg>${Input_PIN}</arg>
<doc>Types the given `text` into text field identified by `locator`.</doc>
<status status="PASS" start="2025-06-03T10:21:03.800198" elapsed="0.862498"/>
</kw>
<status status="PASS" start="2025-06-03T10:21:03.093621" elapsed="1.569244"/>
</kw>
<kw name="Click on retype six digits Pin input section" owner="Full_Cycle_StepDefinations">
<kw name="Wait Until Element Is Visible" owner="AppiumLibrary">
<msg time="2025-06-03T10:21:05.384827" level="INFO">xpath criteria: //android.widget.EditText[@text="আবার ৬ সংখ্যার নতুন পিন লিখুন"]</msg>
<arg>${Retype_PIN}</arg>
<doc>Waits until element specified with `locator` is visible.</doc>
<status status="PASS" start="2025-06-03T10:21:04.664300" elapsed="0.720667"/>
</kw>
<kw name="Input Text" owner="AppiumLibrary">
<msg time="2025-06-03T10:21:05.386491" level="INFO">Typing text '123456' into text field 'xpath=//android.widget.EditText[@text="আবার ৬ সংখ্যার নতুন পিন লিখুন"]'</msg>
<msg time="2025-06-03T10:21:07.374677" level="INFO">xpath criteria: //android.widget.EditText[@text="আবার ৬ সংখ্যার নতুন পিন লিখুন"]</msg>
<arg>${Retype_PIN}</arg>
<arg>${Input_Retype_PIN}</arg>
<doc>Types the given `text` into text field identified by `locator`.</doc>
<status status="PASS" start="2025-06-03T10:21:05.385215" elapsed="1.989834"/>
</kw>
<status status="PASS" start="2025-06-03T10:21:04.663653" elapsed="2.711537"/>
</kw>
<kw name="Click on PIN Set Done" owner="Full_Cycle_StepDefinations">
<kw name="Wait Until Element Is Visible" owner="AppiumLibrary">
<msg time="2025-06-03T10:21:08.152724" level="INFO">xpath criteria: //android.widget.Button[@resource-id="asia.ifarmer.retailer:id/btDone"]</msg>
<arg>${PIN_Set_Done}</arg>
<doc>Waits until element specified with `locator` is visible.</doc>
<status status="PASS" start="2025-06-03T10:21:07.376271" elapsed="0.776583"/>
</kw>
<kw name="Click Element" owner="AppiumLibrary">
<msg time="2025-06-03T10:21:08.156346" level="INFO">Clicking element 'xpath=//android.widget.Button[@resource-id="asia.ifarmer.retailer:id/btDone"]'.</msg>
<msg time="2025-06-03T10:21:08.458253" level="INFO">xpath criteria: //android.widget.Button[@resource-id="asia.ifarmer.retailer:id/btDone"]</msg>
<arg>${PIN_Set_Done}</arg>
<doc>Click element identified by `locator`.</doc>
<status status="PASS" start="2025-06-03T10:21:08.153093" elapsed="0.305229"/>
</kw>
<status status="PASS" start="2025-06-03T10:21:07.375802" elapsed="1.082580"/>
</kw>
<kw name="Click on Input Name" owner="Full_Cycle_StepDefinations">
<kw name="Wait Until Element Is Visible" owner="AppiumLibrary">
<msg time="2025-06-03T10:21:09.555779" level="INFO">xpath criteria: //android.widget.EditText[@resource-id="asia.ifarmer.retailer:id/etName"]</msg>
<arg>${Your_Name}</arg>
<doc>Waits until element specified with `locator` is visible.</doc>
<status status="PASS" start="2025-06-03T10:21:08.459440" elapsed="1.096463"/>
</kw>
<kw name="Input Text" owner="AppiumLibrary">
<msg time="2025-06-03T10:21:09.559541" level="INFO">Typing text 'Krisop Automation' into text field 'xpath=//android.widget.EditText[@resource-id="asia.ifarmer.retailer:id/etName"]'</msg>
<msg time="2025-06-03T10:21:09.796810" level="INFO">xpath criteria: //android.widget.EditText[@resource-id="asia.ifarmer.retailer:id/etName"]</msg>
<arg>${Your_Name}</arg>
<arg>${Input_Name}</arg>
<doc>Types the given `text` into text field identified by `locator`.</doc>
<status status="PASS" start="2025-06-03T10:21:09.556129" elapsed="0.240750"/>
</kw>
<status status="PASS" start="2025-06-03T10:21:08.459085" elapsed="1.337858"/>
</kw>
<kw name="Click on Male Gender" owner="Full_Cycle_StepDefinations">
<kw name="Wait Until Element Is Visible" owner="AppiumLibrary">
<msg time="2025-06-03T10:21:10.508745" level="INFO">xpath criteria: //android.widget.RadioButton[@resource-id="asia.ifarmer.retailer:id/male"]</msg>
<arg>${Male_Gender}</arg>
<doc>Waits until element specified with `locator` is visible.</doc>
<status status="PASS" start="2025-06-03T10:21:09.797912" elapsed="0.710917"/>
</kw>
<kw name="Click Element" owner="AppiumLibrary">
<msg time="2025-06-03T10:21:10.510998" level="INFO">Clicking element 'xpath=//android.widget.RadioButton[@resource-id="asia.ifarmer.retailer:id/male"]'.</msg>
<msg time="2025-06-03T10:21:11.408126" level="INFO">xpath criteria: //android.widget.RadioButton[@resource-id="asia.ifarmer.retailer:id/male"]</msg>
<arg>${Male_Gender}</arg>
<doc>Click element identified by `locator`.</doc>
<status status="PASS" start="2025-06-03T10:21:10.509014" elapsed="0.899240"/>
</kw>
<status status="PASS" start="2025-06-03T10:21:09.797537" elapsed="1.610821"/>
</kw>
<kw name="Click on Next" owner="Full_Cycle_StepDefinations">
<kw name="Wait Until Element Is Visible" owner="AppiumLibrary">
<msg time="2025-06-03T10:21:12.258597" level="INFO">xpath criteria: //android.widget.TextView[@resource-id="asia.ifarmer.retailer:id/tvNext"]</msg>
<arg>${Next}</arg>
<doc>Waits until element specified with `locator` is visible.</doc>
<status status="PASS" start="2025-06-03T10:21:11.409361" elapsed="0.849381"/>
</kw>
<kw name="Click Element" owner="AppiumLibrary">
<msg time="2025-06-03T10:21:12.261902" level="INFO">Clicking element 'xpath=//android.widget.TextView[@resource-id="asia.ifarmer.retailer:id/tvNext"]'.</msg>
<msg time="2025-06-03T10:21:12.624439" level="INFO">xpath criteria: //android.widget.TextView[@resource-id="asia.ifarmer.retailer:id/tvNext"]</msg>
<arg>${Next}</arg>
<doc>Click element identified by `locator`.</doc>
<status status="PASS" start="2025-06-03T10:21:12.259019" elapsed="0.365623"/>
</kw>
<status status="PASS" start="2025-06-03T10:21:11.409083" elapsed="1.215756"/>
</kw>
<kw name="Click on Image Input Box" owner="Full_Cycle_StepDefinations">
<kw name="Wait Until Element Is Visible" owner="AppiumLibrary">
<msg time="2025-06-03T10:21:13.623048" level="INFO">xpath criteria: //android.widget.ImageView[@resource-id="asia.ifarmer.retailer:id/ivFarmer"]</msg>
<arg>${Image_Input_Box}</arg>
<doc>Waits until element specified with `locator` is visible.</doc>
<status status="PASS" start="2025-06-03T10:21:12.626773" elapsed="0.996356"/>
</kw>
<kw name="Click Element" owner="AppiumLibrary">
<msg time="2025-06-03T10:21:13.627325" level="INFO">Clicking element 'xpath=//android.widget.ImageView[@resource-id="asia.ifarmer.retailer:id/ivFarmer"]'.</msg>
<msg time="2025-06-03T10:21:13.983264" level="INFO">xpath criteria: //android.widget.ImageView[@resource-id="asia.ifarmer.retailer:id/ivFarmer"]</msg>
<arg>${Image_Input_Box}</arg>
<doc>Click element identified by `locator`.</doc>
<status status="PASS" start="2025-06-03T10:21:13.623258" elapsed="0.360109"/>
</kw>
<status status="PASS" start="2025-06-03T10:21:12.626052" elapsed="1.357413"/>
</kw>
<kw name="Click on Galary Section" owner="Full_Cycle_StepDefinations">
<kw name="Wait Until Element Is Visible" owner="AppiumLibrary">
<msg time="2025-06-03T10:21:15.290045" level="INFO">xpath criteria: //android.widget.LinearLayout[@resource-id="asia.ifarmer.retailer:id/lytGalleryPick"]</msg>
<arg>${Galary_Section}</arg>
<doc>Waits until element specified with `locator` is visible.</doc>
<status status="PASS" start="2025-06-03T10:21:13.985005" elapsed="1.305218"/>
</kw>
<kw name="Click Element" owner="AppiumLibrary">
<msg time="2025-06-03T10:21:15.293738" level="INFO">Clicking element 'xpath=//android.widget.LinearLayout[@resource-id="asia.ifarmer.retailer:id/lytGalleryPick"]'.</msg>
<msg time="2025-06-03T10:21:15.617639" level="INFO">xpath criteria: //android.widget.LinearLayout[@resource-id="asia.ifarmer.retailer:id/lytGalleryPick"]</msg>
<arg>${Galary_Section}</arg>
<doc>Click element identified by `locator`.</doc>
<status status="PASS" start="2025-06-03T10:21:15.290485" elapsed="0.327265"/>
</kw>
<status status="PASS" start="2025-06-03T10:21:13.984617" elapsed="1.633242"/>
</kw>
<kw name="Click on a specific Image" owner="Full_Cycle_StepDefinations">
<for flavor="IN RANGE">
<iter>
<kw name="Run Keyword And Return Status" owner="BuiltIn">
<kw name="Element Should Be Visible" owner="AppiumLibrary">
<kw name="Capture Page Screenshot" owner="AppiumLibrary">
<msg time="2025-06-03T10:21:16.919935" level="INFO" html="true">&lt;/td&gt;&lt;/tr&gt;&lt;tr&gt;&lt;td colspan="3"&gt;&lt;img src="data:image/png;base64, iVBORw0KGgoAAAANSUhEUgAAAtAAAAZACAYAAABQfnXMAAAAAXNSR0IArs4c6QAAAARzQklUCAgI
CHwIZIgAACAASURBVHic7N15XE3p4wfwz723XaWShEYYKgzDyDLZYiYyyAyRLZkG2WmyM7aSZcgw
9n1fR7YYsjUx9jWyCzEi4RItVOf3x/12fl2tJ/e28Hl/X/P63u4595znnHuu+7nPeRaZIAgCiIiI
iIgoT+SFXQAiIiIiouKEAZqIiIiISAIGaCIiIiIiCRigiYiIiIgkYIAmIiIiIpKAAZqIiIiISAIG
aCIiIiIiCRigiYiIiIgkYIAmIiIiIpKAAZqIiIiISAIGaCIiIiIiCRigiYiIiIgkYIAmIiIiIpKA
AZqIiIiISAIGaCIiIiIiCRigiYiIiIgkYIAmIiIiIpKAAZqIiIiISAKdwi4AfWYSHwJXvCE8O4O0
JAFITfvffwCQCrmxLWRNNwMW3xR2SYmIiIiyJBMEQSjsQtCnT3j3EsKphhDin/4vMAtAmqD6///9
LaSmASkCZGkC5DYtIGsdWtjFJiIiIsqETThI64SX/yDtny8hJMUCCgByWS4vEJD68AggCHh/6kaB
lJGIiIgorxigSauEF0eRdq6D6g+ZDFDIAX0FYKyr+i+7+x+pAoSkOLw/fxOJM7cVWHm1hTd6iIiI
Ph0M0KQ9718i9Zw7sk3Jchlgoa8K0h+QCQJkr65Bpq+Ht9uPFcua6IyhWSbLpdadiIiIig0GaNKa
1ONVIZPloebVQAcobZjpaeF1NIRHcZABeDNsMYS0NM0XUosYmomIiD5NDNCkFcKrs0BKhsArU0Cu
kEFuIIfcSAdyHRkgU/z/crkMMmsj9Y3oGiDtUhQAIE1IQ/K8XQVQ8qKHzT+IiIiKFgZo0o6INgAA
uYEMCqcTUHz/FBvKXUZr5X40jv4L1+s8hKJFDOROpyFTyADIALkcMPpfcw6ZDDKz6kh5phQ3mbQl
XDVSx2eGNdlERERFC8eBJq0Q0vShaHoJgn45DPknEpdijiMNgAABduWtUa2koSokl6gKWYvnwPuX
EE59jTRLQIhPhgxASqw+UlNTxW2mpqVClpqq6oj4CRAEgeGYiIioGPo0kggVOfJm0XiUYoGWO07j
yjMl5AoFFHI5SpkYQ9/QSDUiR0a65pA1iYasvDtkFgaQ6eojcfi6TP0PEzeFFdxBaBnDMxERUfHE
GmjSiqjXiRhw9CogpEEhl0MQVDWulqYmEN6papizIq++FIJuKaREGuNd7NNMy5O2HYOhl4t2C09E
RESUA9ZAk1YMDY9UDfusI4eOXA6FXAYTQ30AgK4858tOVtEfr6fHZrks9dUbjZe1MHzYMZAdBYmI
iIoP1kCTlsihkAuAAAgKATJBgFmJEgCAVLkcApB1LfT7VLxqNhL4MFAKAiCTQe+ritoueIH4sPkG
m3MQEREVH6yBJq3QUcihkMshl6n+U8jlUPyv89/71NQsw3Pq7f/wvMmvSElNUXs+LfU9IKhG3ygx
3F3bRS8UrIEmIiIqPlgDTVqho6OD1NRUCDIBgiBTC4hpqalISROgI1fFaOFtEhJ7BSEx+onaNoS0
NKS+S4RcoUCaXAY5AEUl64I8jAIjpQaao3cQEREVLgZo0oraliVx+ZkSAlRD16Wlqdewbo58hI4b
DgH/XEGCkCo22RAEAakpyUhOjIeOQgdyuQ4gyAEhDYalzVVjRX/mGJ6JiIgKFwM0acXwr23wc1i8
KjgLAtLk6gE67HUyvtwTjPfPX0FfLoeuXBf6OnrQletAR6ELHYUOBEFA+v9kMkB/fv9COprCxRpn
IiKiooXVeaQV+nI5nMqVgkIug0Ihh84Hk5+kpaXh5s4V0DPQ/98EK6rputNU9dUQBAFpwv/Cd5oA
/YrloKhY/JpvfGzbZoZnIiKioocBmrRmoIM1DPUNIJfLIZfLVYE4g/AnSnx5bS909PSQKqQhTRCQ
lpam+g9pgJAGQUiDXC6DyZbxhXQUH0cmk31UiGZ4JiIiKnoYoElrZACWOlWGga4udBSKTCPTAcDo
Cw9Q885+OKzyB+QyscmGkJaGNCENAoDSJxZCVoyn72YIJiIi+rTIBI6fRVqWJgjwvxqDB8qsJ0GR
yWTwqVYO9S1KIPHsVbwIWInkm9EoUaoUrP5ZgOTVoXh3/SFMJnSHzMy4gEtPREREpI4BmgrM/bfv
8HvkYyQmJQMf1MoKAmBRQh/japaHhR77thIREVHRxQBNBUoQgPeCgJPP4nE87i2ilW8hCALKmZZA
w1KGaGZtBkMFmzwQERFR0cUATUREREQkQfHtmUVEREREVAgYoImIiIiIJGCAJiIiIiKSgAGaiIiI
iEgCBmgiIiIiIgkYoImIiIiIJGCAJiIiIiKSgAGaiIiIiEgCBmgiIiIiIgkYoImIiIiIJGCAJiIi
IiKSgAGaiIiIiEgCBmgiIiIiIgkYoImIiIiIJGCAJiIiIiKSgAGaiIiIiEgCBmgiIiIiIgkYoImI
iIiIJGCAJiIiIiKSgAGaiIiIiEgCBmgiIiIiIgkYoImIiIiIJGCAJiIiIiKSgAGaiIiIiEgCBmgi
IiIiIgkYoImIiIiIJGCAJiIiIiKSgAGaiIiIiEgCBmgiIiIiIgkYoImIiIiIJGCAJiIiIiKSgAGa
iIiIiEgCBmgiIiIiIgkYoImIiIiIJGCAJiIiIiKSgAGaiIiIiEgCBmgiIiIiIgkYoImIiIiIJGCA
JiIiIiKSgAGaiIiIiEgCBmgiIiIiIgkYoImIiIiIJGCAJiIiIiKSgAGaiIiIiEgCncIuAJGmCIKA
Gzdu4PLly4iKisLjx4/x9u1b6OjowNjYGKVKlUKlSpVQsWJFfPXVVyhZsmRhF1krNmzYgISEBJia
msLDw6Owi0NERPTJkQmCIBR2IYg+hiAIOHLkCP78809ERETk+XXOzs5o27YtmjdvDnNzcy2WsGC5
urri1q1bqFq1Kg4cOFDYxSEiIvrksAaairXo6GhMmjQJYWFhWS4vUaIELCwsoFQqER8fr7YsLCwM
YWFhMDQ0RK9eveDh4YEKFSoURLG16s2bNwCAt2/fFnJJiIiIPk2sgaZi6+LFixg8eDAeP34sPte4
cWO0bdsW33zzDcqVKwcjIyNxWVJSEh4/foz79+/j/Pnz2LdvHx48eCAu19HRQe/eveHt7Q1LS8sC
PRZN6ty5M86dOwcAOHPmTLE+FiIioqKIAZqKpXPnzsHLywuJiYkAADs7O4wfPx6NGjWCTCbL0zZS
UlJw9uxZbNy4EXv37hWfNzc3h5+fHzp16gRdXV2tlF+bgoKCMH/+fACAj48PRowYAbmc/YWJiIg0
hQGaip3bt2+je/fuiIuLAwC0bt0aAQEBH9WOOTIyEvPnz1drM+zo6Ijx48ejVq1aH13mghQVFQVX
V1ekpKQAAJycnNC6dWvY2NjAyMgICoUCACCTyaCjowMDAwNYWVl9sp0qiYiINI0BmoqVV69eoVu3
brh+/ToAoFWrVggKCoKhoeFHb1sQBISHh2PatGm4deuW+Lyvry969+6tkX0UlN27d2PYsGGSXtOw
YUP07dsXzs7OWioVERHRp4EBmooNQRAwZswYbN26FQBQq1YtrFu3DiYmJhrdT0JCAtasWYM5c+Yg
JSUFlpaW2LFjB8qXL6/R/WhbREQEli5din379kl63cyZM+Hu7q6lUhERERV/DNBUbCQkJMDNzQ1R
UVEAVLWsX331ldb2d+PGDQQEBKBnz55o2bKl1vajbS9fvsT9+/ehVCqRlJSE1NRUteUvXrzAv//+
i4MHDwIALCwscPToUY3/MMm4v/fv38PCwqJYtjEnIiJigKZi5dSpU+jWrRsAYOzYsejdu7dW95ea
miq2Gf6UCYKAiRMnYv369QBUk7F8++23WtlX7969xXG727Rpo5V9EBERadMn1zU/vXaSPk0NGzbE
qFGjAACBgYH4999/tbq/zyE8A6oOhe3atRP/zjg0oLaEhIRofR9ERETa8ElNpHLu3Dls3boVjo6O
6Ny5c2EX57MRHx+PAwcO4MyZM0hMTIStra3G9xEbG4vSpUtDJpMhJSUFOjo6SElJwZAhQ9C1a1e1
9d69ewcbGxuNl0Gq2NhYGBkZwdjYWNJrtHUOc6NUKsXHe/bswb179wComoDcvXsXBgYGUCqVMDY2
RuXKldG0aVM0a9ZMrRlGcnIyDh06hKNHjyI6OholSpTAV199BRcXl0yjmRw4cAAzZswQf6TExsbC
3Nxca806hg8frpXtEhHR5+eTacJx7tw5bNu2DemHwxCtfUlJSdi2bRvmzp2LFy9eICkpCSkpKZIC
o5R96evr5zrGc3ob3xIlSmi8DFIlJSVBoVBICoTaPIf59f79e8THx8PCwiLTsvr162PGjBmwtbXF
kydP8Ouvv+LUqVNZbqdHjx4YPXo0fH19xfbWGSUlJUFPT09rY1bz7hQREWnKJ1ED/WF4BoD//vsP
iYmJxWroseLk9u3bGDFiBCIiIgq7KMWWubk5Xr58WdjFyFV6oC1ZsiTKlSuHlJQU3L59G4BqpsMB
AwZgxYoVGDlypFp4rly5MhITExETEwMAWL9+fYE0DSEiItK2Yl8DnVV4Llu2LPr168fwrCWHDx/G
sGHD8PbtWwCAlZUVBgwYAGdnZ5QsWfKjbsF7eHggMjISgGqq7vRtfdiZ7+DBg/D19QUATJo0SRx2
LTU1FYIgQEcn778NZTIZ7t69iyVLlqjNSJjR3Llz4eLigrS0tDxvNzU1FTKZLFONqkwmw9u3bzFn
zhxs2rQJQOZzGBUVhY4dOwJQzbLo6OiIb775BvXr18+yJjg7K1euRFBQEABgxYoVaNCgQZ5fmy4t
LQ0xMTH48ssvxWOJj4/H7t278dtvvwFQfebSg3Lv3r3Rr18/WFhYQBAE3L17F8uXLxeHH8zo2LFj
4gQ4qampkMvleZ5JMis5HW/Gad2JiIg+RrGugU5v85wRw7N2HTp0CAMGDBBnuWvfvj0mTJjwUbMA
AqpAdvr0aTE8A6rAk10Y19fXFx/r6enlOxwJgoB169YhICBAPKbatWvDz88PZmZmYse68ePHo1y5
cqhbt26+9pNRTEwMvL29cfPmTQBZn8MnT56Ij2/duoVbt25h48aN0NfXR48ePeDj4wNLS8tc95Xx
/Onr6+f7PFWtWlXtbxMTE3Tv3h0vXrzAnDlzxPDs5OSEUaNGqc12WKVKFUybNg12dnYICAhQ246R
kZFGg62mjpeIiCgnxXYUjvSa54wYnrXrxo0bGDp0qBg0BwwYgFmzZuU7PKempuL48eMYO3YsnJyc
0LdvX00WF4mJiTh//nymcY8zWrhwISZNmiQe04gRI7Bp0yY0atQINWrUEANffHw8unbtiiVLluD5
8+f5LtPLly8xcOBAMTxndw7r1auHdevWITAwED169EClSpUAqDrprVixAp06dcL9+/fzXQ5NadGi
hdrfTZo0yXLkEplMBm9vb/Tp06egikZERKQ1xbIGms02Cl5CQgJGjRqFxMREAEDPnj3x66+/5qvD
V1xcHPbv34/169erTZmtSbNnz8bq1avx9u3bbCdcOXPmDGbPng1AVVu5aNGiTNNYd+vWDfHx8Zgx
YwZSUlIwY8YMzJs3D02aNEHt2rVhZmaGEiVK4P379zAyMoKrq2u2ZRIEARMmTMClS5cA5HwOLS0t
1WqY09LScPnyZSxduhQHDhzAgwcPMHLkSGzatEktsOZn3OrExETExcUhKSkJxsbGKFOmTJ7f15Il
S6r9nVuN79ChQ7Fs2TJJ5SMiIipqil2AZnguHMHBwbhy5QoA1RTaI0eOlByeHz16hA0bNmDt2rVi
EE9Xo0YNdOjQAf7+/hopr4WFhdhG+/Tp01kG6IxBLjAwMFN4Tufj44Pq1asjMDAQN2/eRGJiIkJD
QxEaGppp3dDQUFSpUiXL7Rw9elRsYy31HMrlctSpUwfz58/H7NmzsXjxYpw7dw4nT55E48aN8fTp
U/zxxx8ICQmBqakpOnfujF69euUapvfs2QM/Pz+xBh4A7O3tMWjQIPzwww+5tke+ePFipmPs3r17
tsf1MU0qkpOToaOj89mMzU1EREVXsWrCwfBcON6+fYvFixeLf48ZM0ZSEIqOjkZgYCBatGiBJUuW
iOE5vT3v9u3bsXv3bvz888+oWbOmRsqccRa93bt348O+skqlEocPHwYA2Nraom3btlluJ/11TZo0
wZ49e7B8+XJ4eXmhcuXKWa4/f/78LJ9/9+4dZsyYIf4t9RymUygU8PX1hb29PQDg5MmTSEhIQP/+
/bFlyxa8ffsWMTExmDt3Lry8vBAdHZ3j9szNzdXCMwDcvHkTgwcPxvbt23N87eXLlzF16lS158LC
wjBv3jwkJydn+zonJ6cct5vR7du3MXPmTDRv3hzVqlVDtWrV0KZNG/z+++84f/58nrdDRESkScWm
BprhufCcOnVKHH7M2dkZ9evXz9PrXr58iZUrV2LJkiVqIa1s2bLo3bs32rVrl6eOcPlhb2+PmjVr
4sqVK7hy5Qpu3LiBatWqicvj4+PFxzVr1syys2JCQgL8/f3x9OlTuLm5oVmzZmjRogVatGgBQRAQ
Hx+PN2/eICQkBNOnTwcA3LlzJ8tmFCdPnhSHfpNyDrOiq6uLLl26YPLkybh69SrWrl0rNgsxMTHB
t99+i3PnziEiIiLXYQZtbW3h7u6OsmXL4u3btzh8+DAePHgAAJg+fTratGkjfr6SkpJw8uRJPHv2
DCdOnMDu3bvF7SxZsgQrVqzAmTNnMG/ePISEhKBNmzaws7PDl19+CQcHB3FdAwODPB3npk2bMHHi
RLVrJyUlBdevX8f169exaNEiuLi4YPTo0WIbcSIiooJQLAI0w3Phyji2748//pjrbf13795hx44d
mDNnDmJjY8XnbW1t4ePjg3bt2ml9ohOZTIaOHTuKzU727t2rFqAzdtq7ceMGkpKS1ILdlStXMHHi
RDGYhoWFAYDYnlomk8HU1BSmpqa4du2a+Dpvb+8smxgcO3ZMfJyXc5ibOnXqiNu9cOECAKBcuXLY
sGEDbG1tERcXh5EjR4rlzs4XX3yBmTNnin8PGTIEHh4euHnzJl68eIFr166JI48kJibil19+ybSN
oUOHwsXFBXZ2dvDx8cGtW7cQFRWFP//8EwAwbNgwtQCdF0eOHMG4cePEvy0tLdGoUSOYmJjg7t27
OHnyJADVcIanTp3C9OnT0bp1a61NwkJERJRRkQ/QDM+FL2P4c3R0zHX9I0eOYMyYMeLfJiYmGDRo
ELp161agMwS2bNlSHJ5u06ZN6Nu3L0xNTQEAxsbGaNeuHfbs2YM7d+7Ax8cHrVq1QkJCAs6ePZvl
THkA8O+//6q1p05ISFBbN7t21Bl/hOTlHObmyy+/FB+nt/UOCAgQpwC3tLTEH3/8gdq1a0varqmp
Kdq2bSuOEpJxxJEP37vKlSvD19cXbdq0AaD6gbRlyxYsX74cmzZtwosXLwAApUqVklQGQRDUmsL8
9NNPmDBhglqHxQcPHmDjxo1YtmwZ4uPjMXDgQEyePFlr04ATERFlVKQDdFbh2dDQEC1bthTHndUk
c3Pzjx7P+FOTlpYmToFsaGiIsmXL5vqapk2bwsLCQgxQfn5+aN++fYFPr21tbY0uXbpg/fr1ePny
JYKDg9GrVy9x+dChQ3Hy5EnExcXh2LFjaj8U0n3//fcYOnSoOB70h6OG3Lt3T2zT7ezsnOUkJ0lJ
SWItdV7PYW4+PJdubm6ZwrupqSk6duyYa1vmD2UcYztjTbmenh4mTZqEkiVLokKFCqhVq1am2vaS
JUvCz88P/fv3R2RkJB49eiS2186r58+fizX/APDbb79lGu3D1tYWY8aMgaurK4YPH4579+5h4sSJ
kiaZISIiyq8iG6CzCs+A6jbymjVrtLJPFxcXuLi4aGXbxVV8fLzYBrVChQp5anpgZGSE7t27i7fw
J02ahICAAPz444/o1KkT6tatW2C32j09PbF+/XoAqjGf27ZtK7a7rly5MrZt24a5c+ciJCREPE4d
HR00b94cHh4eaNasGRQKBUxMTBAfH5/ph9t///0nPq5evXqWZUhISBAf5/Ucpr/u6NGjYg1vRm/e
vBEf6+joYMiQIVluI7sRQXKSseNh6dKl1Zb17NkzT9swMjJCvXr1UK9ePcn7zzi9ub29PczMzLJd
t06dOtiwYQOGDRuGM2fOiD/aiIiItKlINhh8+fJlluFZ24r5rOZa8f79e/GxlFEj2rdvr1bzmJKS
gr/++gseHh7w9PTE2bNnNVrO7FStWlWsdY6Li8O8efPU3mdbW1sEBQXhwoULOHLkCI4ePYpLly5h
yZIlaNGiBRQKBdLS0sRa5levXqlt//Xr1+Lj7GqWM07/nddzePHiRXTo0AGDBw9GeHh4puULFiwQ
H/v4+GQ7KohUCQkJ2LdvHwBVLbfU2mNNSG9mAwD3799X+wGSFWtrayxcuBDffPONtotGREQEoIgG
aHNzc3Tq1Kmwi0FQHzFBSu1e5cqV8ffff+PEiRNYtmwZ3NzcxGUnT56Eh4cHRowYoVbbqC39+/eH
tbU1AGD9+vXYsWNHpnWMjY1RsWJF2NraZgq5Dx8+FGunbWxs1JZlHK4tuzb5+TmHlpaWePbsGQBg
7NixYtMRQRCwefNmLFmyBICq46C3t3eetpkXO3fuFMvYtWvXQulnUKZMGbGdeHJyMubOnZvjbJKA
atzvjD8qiIiItKnINuFI/wLdunVrpmWNGzfO81BYUmTsmEUqxsbGsLGxwaNHj/DgwQO8efMGxsbG
eX69tbU1rK2t8d1338HPzw9//fUXFi1ahJSUFGzfvh2XL1/G77//jq+//lprx1C6dGlMmTJFnCp8
+PDh0NXVFds152bPnj3i41q1aqkty9hpLbsObPk5h1988QUCAwPRv39/PH78GO3bt0eLFi0QFxen
Vns/YcKEHNvtZ2wq8+7duxz3GRUVhaCgIACqdtBdu3bNcX1tGjhwIH7++WcAqglv7t+/jwEDBuR4
nZQpUwZt27ZFSEhIQRWTiIg+U0U2QAPZh+ioqCj4+PhwFI4C0qBBAzx69AgAEBkZiQYNGuRrO198
8QV8fX3Rtm1bzJw5E4cPH8adO3fQs2dPrFixAo6Ojh89vFt2vv/+e/z6669iQBw6dCgiIiLQt2/f
TO180wmCgN27d4uvAVQje2SU8RpMSkrKdv/5OYetWrXC5MmTMXHiRCQnJ+Pvv/9WW96vX79M5flQ
xvJlbG7yoZiYGPj6+oq1z8nJyYU6tnKzZs0wYcIETJkyBYBquLo3b95g7dq1Oc5EWKNGDQZoIiLS
uiLZhCMjR0dHdO7cWe25x48fq81oR9rVtGlT8XFWdwSkqlq1KhYvXoxRo0YBUHVU7NOnDyIjI9VG
gNC0AQMGYPjw4eLfK1asgLOzM8aOHYvg4GCcOnUKFy9exPHjx7FhwwZ4enrC19dXXN/LywtVq1ZV
22bGUR+USmW2+87vOfT09MS6devUOuPZ2NjA398ffn5+4nPHjh1DmzZtMGTIEOzfv198PmO77PSx
kz906tQpeHp6imNmA6pwXth69eqFuXPnwsrKCgAwePBgTuNNRERFQpGugU6XVU10eohmTbT2OTs7
w8rKCrGxsdixYwdcXFzg6uqa59cLgiDOZtigQQPY2NhAoVDAx8cHlSpVgq+vL169eoUJEyZo9b2U
y+UYMGAAqlSpgvHjxyMuLg6JiYnYvHkzNm/enONrf/zxR4wcOTLT82XKlBEfp9cwZ+VjzmGjRo3Q
qFEjvHz5EikpKbCwsMgUJKOiosQZ+jIOZ/fNN9+gZMmSePXqFbZs2YKSJUvCxcUFenp6ePToEfbu
3St2GsyoqIyn3K5dOzRu3BiHDx9Gw4YNC7s4REREAIpBDXQ61kQXHhMTE7WaWF9fX2zbti1Tm9qn
T5+qDeuWbvXq1ejevTtGjBiBdu3a4f79++Kyli1bYs6cOQBUI0+cOHFCS0fx/1q2bInQ0FCMGjUq
1zGZ7e3t8ccff+D333/PMtzb2NiItebpMwJm5WPPIaDqXFu6dOksa2EzTniS3mEy/TXDhg0T/166
dCk6deqE9u3bY+DAgWrhOWMteVFibm4Od3f3wi4GERGRqFjUQKdjTXThcXd3x+nTp7Fz504kJydj
1KhRWLhwIRo3bgxTU1M8evQIoaGh+O677/Dnn3+qtWXesmWL+PjVq1cIDw9HxYoVxedatmyJKVOm
YMKECQV2PGZmZvDx8UHv3r1x48YNREVF4fnz50hISIChoSFKly6NKlWqoGrVqjk2GzAwMMC3336L
sLAwREZG4tmzZ9m2qXZ3d8fZs2cRHBws+RzmJn02QiDzJCs9evRAWloagoKC1NYDVGNIt2vXDj4+
PkhKSspyyDwiIiJSV6wCNMAQXVgUCgWmTp0KIyMjbNy4EYBqOuUHDx6orbdv3z54enqqdZKrWLGi
2gx+GZs9pOvWrRvCw8Nx6NAhLR1B1hQKBWrUqIEaNWrkexsNGjRAWFgYAOD8+fPZNs1QKBQICAiA
sbEx1q5dCyDv5zA3JiYm4uMPQ7JCocDPP/+MH3/8EZcvX0ZcXBx0dXVRqlQp1KhRQxzF4+LFi3ne
HxER0ees2AVogCG6sBgaGsLf3x+urq7YsmULDh06pDYOcpMmTeDu7i6+P+nGjRsHPT093L17F23a
tMH333+fadtyuRyjR4/GsWPH1LZZHKR38LO3t1ebITArBgYGmDRpElxdXbF582YcPHhQrQlSducw
Nxmbbdy+fRtOTk6Z1jE3N8803XdGnEiIiIgob2RCMf7WPHfuXKYRDcqVK8cQXUCSkpLEiVDMzMw+
23OekpKC58+fZ1mznpvk5GRx6LiPOYe3b99Gq1atAKim796yZUuO40Nn5cKFC2Jb48GDB6u12SYi
IqL/VyxroNOxJrpwGRgY5NoJ73Ogo6OTr/AMqCYs0cQ5rFq1Ktq1a4c9e/aIY2sPHDgQdnZ2a7t5
pgAAIABJREFU0NPTw6tXr/D06VPcuXMHT58+xYsXL2BkZITy5cujbt26qF+//keXgYiI6HNRrAM0
wBBNlG706NG4ceMGbt++jcjISAwYMCDPr3V2dka3bt20WDoiIqJPR7EZxi4nWQ1xV7ZsWYZn+qyU
LVsWa9euzfOQbxk7HoaFhWH06NHaKhoREdEnpVi3gf5QepvounXronPnzlqbFpqoqHv8+DEiIiIQ
ExOD1NRUlCxZEubm5ihXrhzKli0LExMT6OjoID4+HufPn8fs2bMRGRkpvp5toImIiLJX7JtwZOTo
6Ahzc3N8+eWXhV0UokJVrlw5lCtXLtf1TExM4OzsDHt7e3Tp0gUPHz4sgNIREREVb59EE46MGJ6J
pCtbtix++eWXwi4GERFRsfBJNeEgovxLTEzEo0ePAACmpqb5HlmEiIjoU8cATUREREQkwSfXhIOI
iIiISJsYoImIiIiIJGCAJiIiIiKSgAGaiIiIiEgCBmgiIiIiIgkYoImIiIiIJGCAJiIiIiKSgAGa
iIiIiEgCBmgiIiIiIgkYoImIiIiIJGCAJiIiIiKSgAGaiIiIiEgCBmgiIiIiIgkYoImIiIiIJGCA
JiIiIiKSgAGaiIiIiEgCBmgiIiIiIgkYoImIiIiIJGCAJiIiIiKSgAGaiIiIiEgCBmgiIiIiIgkY
oImIiIiIJGCAJiIiIiKSgAGaiIiIiEgCBmgiIiIiIgkYoImIiIiIJGCAJiIiIiKSgAGaiIiIiEgC
BmgiIiIiIgkYoImIiIiIJGCAJiIiIiKSgAGaiIiIiEgCBmgiIiIiIgkYoImIiIiIJNC5desWBEEA
APH/iYiIiIjo/8lkMvH/dfT09CAIQpbhOX1FIiIiIqLPSXbZWCaTQUdXV5c1z0REREREeSCTyaCj
UCgKuxxERERERMWGjlzOfoRERERERHnFAE1EREREJIGOXC7Ptg00OxESERER0ecop3ysk11IZngm
IiIios+VTCbLdiQOBmgiIiIiojySyWTQSX9ARERERET/L7uMnG0NNBERERERZcYhOIiIiIiIJGCA
JiIiIiKSgAGaiIiIiEgCBmgiIiIiIgkYoImIiIiIJGCAJiIiIiKSgAGaiIiIiEgCBmgiIiIiIgkY
oImIiIiIJGCAJiIiIiKSgAGaiIiIiEgCBmgiIiIiIgkYoImIiIiIJGCAJiIiIiKSgAGaiIiIiEgC
BmgiIiIiIgkYoImIiIiIJGCAJiIiIiKSgAGaiIiIiEgCBmgiIiIiIgkYoImIiIiIJGCAJiIiIiKS
gAGaiIiIiEgCBmgiIiIiIgkYoImIiIiIJGCAJiIiIiKSgAGaiIiIiEgCncIuABFRfiUmJiIiIgJP
nz7Fq1evYGRkhPLly8PBwQFmZmaFXTwiIvpEMUATUbGTkJCAxYsXY9myZYiJicm0XFdXF25ubuje
vTuaNm0KHR3+U0dERJojUyqVQmEXgogor6Kjo+Hl5YWLFy8CAIyNjdGkSRNYW1sjISEBDx48wKlT
p8T1nZycMHHiRDRo0KCwikxERJ8YBmgiKjaePHmCDh064Nq1a7CyssLkyZPh5uaGEiVKqK0XGxuL
0NBQLF68GFevXgUA+Pr6Yvjw4ZnWJSIikooBmoiKhffv38PT0xP79+9HpUqVsHnzZtjb2+f4muTk
ZKxbtw4BAQFQKpWoV68eFixYADs7uwIqNRERfYo4CgcRFQurVq3C/v37oauri2XLluUangFAX18f
vXv3xtGjR9GiRQucPXsWLVu2xM6dOwugxERE9KligCaiIu/BgweYMmUKAGDEiBFwdHSU9Pr0Gusx
Y8ZAqVRi+/btSElJ0UZRiYjoM8AATZSFixcvwt/fH/fv39fodoODgxEYGKjV8Pbs2TP4+/sjLCxM
a/soaKVKlULlypUBADVq1MjXNvT09DBq1Chs27YNQUFBxW5kDk2/r6dOnYK/vz+ePHmike1Rwbt/
/z78/f3FDrXa9Cn+u0L0MRigibLw8OFDzJ49GyEhIRrd7unTpzFz5kxcuHBBo9vNKD4+HrNnz8ai
RYu0to+CZmxsjEWLFsHY2Bhjx47Ff//9l+9tubi4oHTp0hosXcHQ9Pt69+5dzJ49GwcOHNDI9qjg
PX/+HLNnz8aGDRu0vq9P8d8Voo9RvKpg6LMTFRWFNWvWFMi+Tp8+DTc3N7Rr1058buXKlXj27Jn4
9/jx46Grq6v2ulevXiE0NBTh4eGIjo6GsbExHBwc4OLiggYNGkAmk2Xa17Rp01CrVi0olUo8fPgQ
NWvW/KiyK5VK6OjowNvbG0ZGRgCAAwcOYPz48VAoFFAqlZDJZChZsuRH7QcABg4cCCsrqyyXaeP9
SklJEWuLq1SpgkuXLsHLywuNGjUCgAI7ttwIgoDz589jy5YtePjwYZ7aaOdGqVSibNmyaNeuXZbv
KwD06tULlSpVEl+TkJCA/fv348iRI3j48CFMTExQs2ZNtGrVCrVr1860jyVLliAqKgoAoFAoMGHC
hGzLo+3Po1KpxJs3b2BjY6O17b9//14jP6Dat2+Pb775Jl+vTb9WQkNDYWdnh9atW2P8+PH49ttv
0bJly0yTAF25cgXTp0/HTz/9BHd390zb27p1qzi6jFKphJ6enni9fIzcrj9NfvY+1LdvX5QvX17j
2yXSFI7CQUXamTNn0LJlywLdp7W1Nfr06QN/f/9My2JiYmBoaCj+vXv3bowfPx7R0dFZbqt9+/YI
DAwUvwhGjRqFJUuWaKfgUE0g4u/vj9GjR2ttHxcuXBCbU3xIG+9XpUqVcO/ePY1uMzs5HVtOoqKi
EBAQgODgYC2UKuf39fDhw6hbty4A4NKlSxgyZAgiIiKy3I6npycmT54MCwsLbNy4EQMGDFBbbmho
mOXENOkK4/NYVK1duxZubm6SX/fhteLj44Pvv/8enTp1AgDcu3cP5ubm4vof/qD4999/xWZM58+f
x3ffffcxh5EnBfHvyodOnDiB6tWrF9j+iKRiDTQVaRUqVMDixYuzXR4WFobNmzeLfzs6OqJ37965
bvfq1auYP38+LC0tERAQAED1xWVkZISVK1di1qxZ4v7Hjh0rvi699jklJQWBgYEICgoCANSpUwfd
unVDlSpVkJaWhhs3bmDVqlXYtWsXIiIisH79etSoUQNyuarV1A8//AA3NzcolUr8999/ktr1vn//
HoMHDwYAjBkzBra2tlAqlXjy5AlCQkIwefJkcd2ZM2fC1NQ0XzVF9+/fx/Tp0wEACxYsEGs8S5Uq
le1rMr5fV65cwYIFCwAAAQEBsLS0zPO+M0pOToa+vj4AVTvM3377DUDBH1t29u3bh0GDBuHFixcw
NDSEh4eH2GZ74MCBAFQ157/88otaMPpQVtekUqlEYmIiNmzYkOX7CkAMV6dPn4aHhweUSiVsbGww
cOBAVK1aFYIg4MKFC1i2bBnWrVuH8+fPY9OmTWKtfvXq1TFkyBAAyPJuSUa5fR6zcuTIEWzduhX1
6tXDL7/8kuO6+amBzu69zG77Umugs/q8Aflri//hteLt7Y02bdrg9u3bAFTnN+M1kpqaikmTJqlt
Y/To0di9e3em9yr92NNroPX19bV+/WmiBvrx48diB+E//vgDBgYGAIAyZcrke5tEBYE10PRJWLNm
DYYOHQpdXV0cO3YMDg4OOa5/8OBBdOrUCba2trh8+bLaskePHqFly5Z4/PgxateunanTTGpqKn77
7TcsXLgQgCoc9unTRwx56RITEzFt2jTMmzcPBgYGOHbsGNasWYP58+dj5MiRasFcisTERJQtWxaA
6gdExtvycXFxcHNzw7Vr1wAAt27dyleThNevX2Pq1KlibXlsbCz09PQkbePSpUtwdnYGADRu3Bgr
V67Md/OIdFFRUeJt88I8tnTbtm1Dnz59AABt27bF9OnTxfB39OhR/PTTT+K6VlZWGDNmDLp165bp
WgFyviZze1+jo6PRqlUrxMTEwNHREZs3b870gyU2NhYjRozArl27YG9vj+7du2PChAn47rvvsH37
9nwdf25SUlLQpUsXHDp0CGXLlkVISAgqVKiQqRlUfmnyvcxOTp83KXK6Vvbu3Yvu3bsDALZv344G
DRogOjoa8+fPx8aNG2FpaYm1a9eiQ4cOSEpKEsuRsQb6w2MvyOvvY1y7dg1OTk4AVNdx+g9DoqKO
nQjpk9C0aVMAqtqihg0bwtXVFbNmzcpXZzMbGxv4+vpmu3z+/PlieP7zzz8xaNCgLL+QDA0NxS+w
pKQkeHh44PXr15LLI4WlpaVYQytVamoqjh8/jiFDhsDe3l6jTU2OHz8OJycnjB49GmvWrMH27dvF
EUk2b96MPXv24OLFi1obnUQbx3b69GkxEPXt2xerVq1Sqzlt1qwZzpw5g3nz5qFhw4aIjY2Fr68v
2rZti3PnzknaV07va0pKCoYPH46YmBhYWVmhV69eCA4Oxpw5c7BhwwY8fvwYgCpALV26FF27dsXN
mzdzbOv8sa5fv46ZM2eifv36OHToEABV86e6devC3t4e48ePz3dHWm1ep9qS27Xi7OwsNlfo2LEj
bGxs4OTkhI0bN8LCwgIbNmyAk5MTmjVrBkDVATQ3BXX9EX2u2ISDiryUlBT89ddf2LNnD8aNG5ep
Xdz169fRvn17tedOnTqFU6dOYfny5Vi1ahW+/fZbSfvM7vZhbGws5s6dCwAoW7YsgoODsXTpUtSp
UwdDhgxBlSpVxHVPnjwp1ioBqtrT9M5a2iS189rr16+xa9cuLFu2LNu2sx9r27ZtmDBhQq63/+3t
7REYGKixdp3aOra3b99i0KBBAFS1iYGBgZmGxZPL5bCzs4OdnR08PT1x4sQJzJgxA+Hh4WjdujX+
+OMPtesjN9m9r0qlEkqlEoDq+kwvVzpTU1OsWbMGzZs3h76+PoKCgvDs2TMx2GpKcnIyjhw5gtWr
V+c4sseLFy8wf/58zJ8/H97e3hg9enSeajOlvpcBAQGwsrJCx44d89U0R1Pycq2UKFECwcHBmDdv
Hnbs2IGYmBhYWlqiU6dOGDBgAL744gsAwLt37wAgyx/sHyqo6y+ja9euYf369QgPD8eLFy9QpUoV
uLq6olu3bjAzM0NaWhrOnDmDW7duoVSpUmjcuLHYrI2ouGGApiJPR0cHmzZtwj///IOvv/46U4Be
vHgxYmNjYWVlheXLl8PBwUEMutu2bYOXlxeOHDmikZ79VlZWCA4ORteuXRETEyN2uLpy5QoOHTqE
48ePw8LCAocOHYKnpycSExPRqVMnzJgxA3369MHhw4dz3H5CQgLCwsIQERGB5ORklClTBvXq1UOd
OnU0/kWjVCqxefNmzJ07VzwOY2Nj9OrVCz/99BPS0tLg4uKikX01adIER48exfnz53Hjxg28ePEC
jx8/xqpVqwAADg4OkMvluHbtGjp27Ijt27d/VIjW9rFt3boVt2/fhrGxMWbMmJHrmNIymQyNGjXC
li1b4OXlhdDQUAwcOBAtW7b86BEhLC0tsX37dowaNQq7d+9Gp06dYGdnB0EQsH79ely7dg39+/fH
+fPnUaJECRgaGmLBggUaGSUEUDVx2LVrF+bOnYvr168DUPUVcHd3h7u7O86dO4dp06bB3d0dc+fO
xZUrV3DgwAGsWLECK1euxNmzZ7Fp06ZsP5/5eS9TU1OxevVqxMXFISgoCAsXLkSLFi0ybbsgPm95
vVasra0RGBiIwMBAvH37FkZGRmrtnG/fvo2TJ08CAKpWrSqpDNq8/tJt374d/fr1w/v378XnHj9+
jPDwcKxatQpr1qzBwoULsX79enG5jY2NWDNPVNwwQFOx0LVrV/zzzz9YtWoVBg0apDZEU/oIDd26
dRObclhZWWHhwoV4+vQpwsPDsXLlSo3dsq5duzZ27NiBJ0+eoGbNmnj+/DmGDBmCU6dO4ejRozA0
NISXlxfev38PLy8vzJw5E/r6+pg3b16OHY8iIyPRp08fsZ1hRk5OTpg4cSIaNGjw0eVPTEzExo0b
MWPGDMTGxgJQfSEPHjwY7dq1EzsanT9//qP3lU4QBBgaGqJRo0bi8HOAqgPY0aNH8euvv8LNzQ3+
/v5YsGABxo4di+PHj0tuK1sQxyYIApYuXQpANexdXobaSk1NRWhoKIKCgnD27FkAgIWFhVij+LFM
TEzw559/Ytq0aWodulq3bo06dergyZMniIiIEO/ElClTBl5eXh81JF1ycjJ27NiBmTNnindWLCws
4OPjgx49eojn5datW+JrSpQogYYNG6Jhw4bw9vbG0KFDceTIEfTs2RN79+5VG+EmP+9lamoqAFVT
rvHjx2PlypWIiIhA9+7dceDAAdSqVUtctyA+b/m5VgCIQ9Klu3btGvr164ekpCR4enpK/vGj7esv
OjpaDM/NmzeHn58fLC0tcefOHcyaNQuXLl0S2zlbWlqiffv2ePfuHbZt24aJEydqpAxEBY33TqhY
+OGHH2BpaYmYmBjs2bNHbVn6sGPJyclqz+vq6mLYsGEAgPXr14tfrprg4OAAZ2dnlCpVSrxFCgCT
J08Ww3P//v0xe/Zs8XZr+fLlsx039vXr1+jatSuuXbsGY2Nj+Pr6Yu7cuRg5ciRsbW1x4sQJtGrV
CgsXLvyomrFDhw7BxcUFfn5+iI2NhYODA1asWIFjx46hZ8+eOfbSlypjTZsgZO6rHB0dLX6Z29ra
wsDAAKNGjYKhoSFu3rwpuclFQR3bnTt3xJrWH374Idf1jx8/jvbt26Nr1644e/YsKlSoIE6mo8lx
bhUKRabREHI65vr16+d7X0eOHEGrVq3Qr18/REVFoVy5cpg1axYuXLiAUaNG5em4vvjiC6xYsQKV
KlXChQsXsHv3bnFZft/LS5cuAQAMDAzQq1cvHDhwAD/88AMSExPFfgtAwX3epF4rGct38+ZNsVbX
yckJERERcHV1xdSpUyWVoSCuv6NHj+L9+/cwNjbG0qVL0bhxYzg4OKBt27bYuXMnHB0dxXWDg4Mx
e/Zs/PnnnwgLC5Ncm05UVLAGmooFU1NT9O/fH/7+/ggKCoKbm5tYW/XLL7/A3d09y1qZ9DbJsbGx
UCqVWmsL+fDhQwAQx4MePnw4xo4dm+nLt169ell2ngoNDRVfu3v3brWg/euvv2Lt2rWYMmUKxo4d
i5cvX8LAwABJSUmSy3nu3DlcvXoVABAYGIiff/5ZrdZPkzL2pr958ybq1Kkj/h0ZGYmBAwfizZs3
aNy4sfgFa2pqCgcHB1y8eBGPHj0SxzfOi4I6tvQOXMbGxjneUYiJicHUqVPFW9bpnVM9PDxgbGys
8XJlZcWKFQBUHVpzG5lGijNnzohhdfLkyfD29oaJiYnk7Zibm6NLly6YNm0ajh07Bg8PDwD5fy/X
rVun1t/B0NAQffr0wb59+3D8+HHx+YL6vOX1WsnIyckpU624vb09hg0bho4dO+Z5lJGCvP7i4uIA
qCoWPmwSYmZmhnHjxuGnn36CpaWl2l0ABwcHTJ06FZ07d9ZoeYgKAmugqdjw8vKCpaUlbt68KQYD
AKhZsyYaN26cZVu+jLWgGdvmadK9e/fEcWgBYOLEiRg3bpykmqv0L/OvvvoqUy21gYEB+vbti5CQ
EFSqVAm///57vr7MAaBDhw7i4+XLl2PWrFmIjIzM17Zy88UXX4ih2dPTE/7+/pg6dSo8PDzQqFEj
XLp0CQ4ODmpj96ampopNcj68jZ2bgjq29A57lSpVyrHt8927d8Xw0qZNG/zzzz/45ZdfCiQ8P3ny
BL6+vuJkQCNHjtTo3YWM5zp93PT8nuv0cX9fvHiR5falvJcbN27EmTNn1J5Lf48yjoBTUJ+3vF4r
GaWPOQ2oOiovW7YMJ06cQNeuXSUN0VeQ1196J9CrV69mOdJQgwYNYGZmhooVK2Zapq1ZJ4m0jQGa
ig1LS0txMP+AgIBMX5RZuXnzpvjYwsJCK+WaM2eO+HjmzJnw9fXNdUKKD6V/qcXGxiIxMTHLdWrX
ro2tW7eKY9Lmh52dHQYNGgRLS0tERUVh9uzZaNSoEXr06KHxsCmTyTBnzhzY2Njg0aNHmD17Nn7/
/XccOHAApqam8PPzw969e8WJKQBV04D00JFxRJOidGzpTYVyqxFt2LAhqlWrBkA1zm+DBg0wevRo
hIeHa224PgAICgpC/fr1xQ6anp6e4oQammJnZ4fBgwfD2toaDx48wNy5c9GoUSP06dMnTyPNCIIA
QRBw584dbNy4EYD6+53f99LAwABeXl44ePAgkpOT8fTpU3GYu4ydCAvq85bXayWjli1bwtraGoCq
FrlPnz7w9vbGkSNHsmwKlZ2CvP7S+zUkJSXB398/U3M6IyMj3L9/X+MjvxAVJgZoKla6dOmCTp06
ISkpCT169MDp06ezXTcxMRHz5s0T/w4ICMh3TVJOpkyZAhcXFyxcuBB9+/bN1zbSv4BiY2MxZcqU
bL/Uq1atqlb7nh8BAQG4fv06wsPDMWzYMJiamiIkJASNGjXCjBkzMn35fYzatWvj1KlT2L9/P1au
XIm1a9di//79uHHjBn777Te1JjV3797FqFGjAKhqILOqrSoKx5b+Qyy92U52dHR0MHbsWDRv3hwG
BgaIi4vD4sWL4ebmhtatWyM0NFRSIMora2trvH79Wpx+ec6cORqfXAQA/P39ERkZiZMnT8LPzw9m
ZmbYtm0bGjVqhHXr1uV4bN999x2srKzg6Ogo/sh1d3dXWyc/72X6SB2dOnVCmTJlYG9vj5CQEABQ
m7a8oD5veb1WMipVqhQiIyNx9uxZzJo1C46Ojti1axc6dOiAnj175nkozIK8/ipXroyRI0cCAJYt
W4bOnTvj6NGjGu13QlTUMEBTsaJQKDBr1iw0a9YMsbGxaNWqFfz8/HD69GnExsYiOTlZHOM2/R/x
dPPmzcPPP/+MN2/eSK4hzomZmRk2bdqEbt265XsbNWrUEL+AFi1ahObNm2f7RZmxLXF+6erqolat
Wpg0aRIuXryIoUOHAgCmTZuGnj174vXr1xo7R8bGxmjYsCE6dOgANzc3NGzYUG0UFaVSiWXLlqFV
q1aIiopC5cqVxaYH+aHtYytXrhwAVe3gkydPcly3Xbt22LFjB+7fv4+DBw/Cz88P5cqVw9mzZ9G5
c2cMGTIEz58/z3dZstKlSxeMGTMGYWFhGDx4cJ6bDuSHQqFAtWrV8Ntvv+HMmTPo3bs3EhMTMXjw
YIwdOxYpKSlZnuvo6GixSVWVKlWwadMmtbax6aS+lx06dMCBAwfQrl07cQQXJycnhISEqHWaLKjP
m5RrJSOFQoGqVauid+/eOHDgALZs2YLatWtjz549cHV1xZEjRwDkPvV6QV5/fn5+4njX6c1FtFFh
QVRUMEBTsVOyZEmsW7cOXbp0AaDqKNWqVSvY2dmhTJkyqFq1Ktzd3XHs2DGYmppi06ZNOHv2LL75
5hv8/fff6Nevn8Zr/jQRUsaMGYMpU6ZAV1cXFhYWqFChggZKlrtSpUph8uTJOHz4MCpXrowDBw6g
d+/eGquJ3rx5M9zd3TF+/Hix9/2cOXMwYcIEdO7cGQ4ODhgxYgTi4uLg6uqKnTt3amx0AG0cW82a
NcXb+nm9JW1gYIB69eqJQfP333+HtbU11q1bh59++gn37t3T2LjDcrkco0aNynOnNU2xsrLCrFmz
sGXLFpiammLRokWYOnVqlp+NgwcPIjw8HBcuXMCJEyfQunXrXLefl/dSEAQ0aNAA69atE8dp37dv
Hxo3bpxpewXxecvPtfIhhUKBVq1aYd++feKoJB4eHti7d2+er5mCuP709fUREBCA3bt34/vvv0fX
rl0l92MgKk44CgcVS+lf0F27dsWWLVuwbds2tU6CFhYW6NKlC7y9vcW2lVu2bIG3tzdCQkKyvWVb
mGQyGYYMGYI2bdogMTFRqzWH6dLS0sQvzrp162Lv3r3w9vZGaGioxm7737t3D4cOHcoxQHh5ecHD
wwMNGzbUysxkmjw2PT099OrVC9OmTUNAQACaNWsmzhSXF8bGxujTpw/atGmDkSNHIiQkBO3bt880
g2Bx1apVK4SEhKBbt26YM2dOlhPiVKpUKc/bi4+PR2RkJOzt7WFubp7n91JHRyfHz1BBfN4+9lrJ
yMjICL/99htsbW0xZMgQ9OrVS9KdmvTPuravv6ZNm6Jp06ZF8t9YIk1iDTQVWzKZDM2aNcPChQsR
HR2NiIgInDhxAteuXcP169cRGBio1jGpdOnSWLFiBRwcHHKdEbAwffnll/jqq6+0uo+3b9/Cy8sL
FSpUwIIFC8Tny5Yti9WrV6NatWpi29GP5enpiT179mDp0qUYO3Ys2rdvn6lj1saNG7F8+XLs2LFD
HBJL0zR5bP369UPlypXx5MkTuLm5YefOnXj69CliY2Nx7NgxbN26NddtlCtXDqtXr8bgwYMRHR0t
Nin4FNSqVQurV6+GoaHhR33WEhMT4ebmBldXV7i4uIgdTDX5Xmr786aJayWjnj17Ytu2bQCA0aNH
57p+dp91bV9/2hoek6ioYA00fRIMDQ3zdAvWysoKixcvhrOzcwGUqugKDw/Hrl27AADjxo1D9+7d
YWZmBkA1S93KlSvRtGlTjQz9Z2Njk2moKkEQcO/ePVy9ehUnTpzAzp07ERwcjODgYHEaaC8vLzRo
0ECj7dU1dWwlS5bEhg0b0K1bN9y7dw+9evVSW25oaIiGDRvmek3q6OiIzQiCgoLyXZ6iyNHREXPm
zEG/fv3yvY1Hjx7h4sWLAFSTkty+fRv16tUDoPnrVFs0da1k5OLigtmzZ2PIkCG5rpvTZ/1Tvv6I
tI010PTZqV279idzuzy/Mn5ZV69ePVNbxWrVquWpdiu/ZDIZKleuDDc3N0yfPh2XL1/G/v370a9f
P+jr62PTpk1wdXVFp06dcPv2bY3uW1PHVq1aNfz9998YNWqUOOwYoPrBMGjQoDyPtyvPYDDEAAAg
AElEQVSTyTBmzJhMo1B8Ctzd3bNswpFXFStWRJs2bQAATZo0QfXq1dWWa/s61RRNXSsZeXp6on//
/rmul9tn/VO+/oi0SaZUKjU/jhIRFXlXrlzB7du30bhxY3EihKJAqVRi165dCAoKgiAICA8PF2vM
iipBEPDy5Uvo6OiozcBIHy8tLQ2xsbGwtLQskH4B2lYY10pR/awTFWcM0ERUJCUkJODBgwfiZBBE
RERFBQM0EREREZEEbANNRERERCQBAzQRERERkQQM0EREREREEjBAExERERFJwABNRERERCQBAzQR
ERERkQQM0EREREREEjBAExERERFJwABNRERERCQBAzQRERERkQQM0EREREREEjBAExERERFJoFPY
BSAikiIxMRERERF4+vQpXr16BSMjI5QvXx4ODg4wMzPT+H7+/fdfxMXFwcHBAXZ2dvjqq69gbGys
sf3Qxymo64GIKCMGaCIqFhISErB48WIsW7YMMTExmZbr6urCzc0N3bt3R9OmTaGjk79/3nLbj4GB
Adzc3NCzZ084OTlBLueNvMJQUNcDEVFWZEqlUijsQhAR5SQ6OhpeXl64ePEiAMDY2BhNmjSBtbU1
EhIS8ODBA5w6dUpc38nJCRMnTkSDBg0+aj9WVlaIjY0Vl7dp0wbHjh3D69evAQAtW7bEpEmTUL16
9Y89RJKgoK4HIqLsMEATUZH25MkTdOjQAdeuXYOVlRUmT54MNzc3lChRQm292NhYhIaGYvHixbh6
9SoAwNfXF8OHD8+0bm77sba2Fvczbtw4rFy5Ej4+PpgxYwYSEhLwzz//YMGCBTh+/DgAYMqUKejX
rx/09PQ0fwJITUFdD0REOVGMHj16UmEXgogoK+/fv4ePjw9OnjyJSpUqITg4GM7OzlkG1RIlSqBW
rVro3r07rK2tcebMGYSFheHYsWNo2LAhSpUqlaf92NraYvv27XB2doauri5SU1Oxfft2REREwNzc
HFWqVMHXX3+Nzp07o1q1ajh79ix2796NS5cuoUmTJjAxMdHmKfmsFdT1QESUG9ZAE1GRtXTpUowc
ORK6urr4+++/4ejomOfX3rt3D35+fjhy5AjMzMzwxx9/4Mcff8xxPwBw4MABtVv9qampGDp0KNav
Xy8+Z2n5f+zdd3hU1d728TuVBEJMSMCEIgQJVRRRQEFFLKDSDkU5eqQoIKKIHH0U8RFFQYodlWMv
h6YUC6EpFtCDdBBBIBBIKIGEluSEkEbK+wcP8xJnUlYyMzuZfD/X5XWZtWf2/s1mTebOmrXXDldI
SIj8/f2VnJyslJQU27YvvvhCd955p+lLRRm4qz8AQGkYgQZQKR06dEhDhw5Vbm6unnnmGd19991G
zw8NDVW/fv3k6+urH3/8Ufn5+erTp4/dRX8XH2f8+PH6+9//XmS7t7e3unfvrmbNmik9PV3Hjh1T
RkaGUlJSdPLkSWVlZRV5/FdffaXevXurXr165XvhcMhd/QEAyoLfHKj2Tp48qcmTJ2vNmjVO2+fB
gwc1efJk20VOMBcWFqamTZtKktq0aVOuffj7+2v8+PFatGiR3njjDYcrMVx8nCuvvNLhfnx9fXXP
PfdoyZIlSkxMVFxcnHbv3q1du3Zp165d2rZtmxYvXmx7/Oeff16uequD8r7f3NUf3MkVv3sAuAdT
OFDtxcfHq3379urRo4cWLFjglH1u3bpVt956q0aMGKHXXnvNKfusjnbt2qUePXooLCxMK1asUIMG
DSr1cX755Rf17dtXrVu31rp165xcpWeoyPvNXf3BXVzxuweAe7AwJqqU+Ph4/fvf/67wftLS0hQW
FqYBAwaoZs2aks7PfX3uuefk4+MjSRo2bJjq1aun5557Ttdff726d+9ud2OGnTt3avr06erXr58G
Dhxod5yFCxfarvhPS0uTv7+/7Xgl1Xb8+HG1aNGiwq+xLMcri759+6p9+/YOtznr3+RieXl5ttHB
Zs2aafv27Ro6dKi6dOki6fxr8/Ly0iWXXFKh41x8jhwdZ9OmTfL391e7du3KvD/p/Dl54YUXbO1D
hw61jZ6aKiws1NatW7VgwQIdOXKkwv3iQp1BQUGljsA6sy/6+vrqwQcfLPH9FhUV5fD5F/cxV/aH
kup31nspLS1NkZGR6t27t8Nz4czX8uijjxY7laii79u0tDT5+fk5bUWTZ555RoGBgU7ZF+AOjECj
Stm0aZO6d+/utP35+flp8uTJeuaZZ+y2/fTTT0pJSbHNtUxISFBoaKhte0ZGhho2bGj7+bfffrN9
tXxhBNpTzJ49W3369HG4zdn/JpIUFRWlhIQEp+7TSqtWrVLHjh2NnxcfH68pU6bo66+/dkFV7lfa
++2aa65x+DxX9DGrlXQunGXbtm3F/uFW2c7p4cOHFRwcbHUZQJkxAo0q5bLLLtP7779v9JyDBw9q
+vTpkqRZs2bZRnnOnDmjBQsW6MUXX7Q99pVXXrH9Em/YsKFt/djLLrusSHjOz8/XpElFr7995pln
FBMTIy8vryLtFx/zr6NY3t7eSktLs60AERgYqEGDBiksLEzR0dEVfo2mo2bnzp3TY489JkmaMGGC
GjduLKnkOacX/5vs3LlTs2bNkiRNmTJF4eHhZT72xXJyclSjRg1J5+eJTpw4UdL///cpzyhdaefI
0XEOHTokHx8fNWzYUKdPn9b//u//SpKmT59udJvoyy67rMyPvWDFihUaM2aMUlJSivSLpk2b6tFH
H5V0fjR2+PDhRfrmX/3555969913FR4erilTpkg6P3pYq1Yt+fn52R7nrL7oqA+lpaUpOTlZy5Yt
K/H9VpyL+5iz+kN2drbGjRsnSXr22WdL/De60E9q1KjhlHOflZWlefPmOTwXzurbkkpcqu/ic7pk
yRKtXLnStq179+7q379/ice8MAIdEBBQ4XMiyfZ+B6oKRqDh0dLT0/Xyyy/rgw8+kHT+5goXrxl7
6tQp9enTR7t375Yk7du3r8hXnsuXL9c//vEPSedXV+jUqZMOHz6sd999V/Pnz1d4eLhmz56t/v37
Kzs7W2vWrFG7du2KjED/9ZgX27Vrl+6//34lJCSoV69emj59eolBojyv0URWVpYiIyMlyfZaTGzf
vl0333yzJOmGG27Qp59+WuHVKC7ME5Xs/33KqiznqLTjHD582HaRYWxsrCIiIozrKKtFixZp5MiR
kmTXL1avXq1+/frZHluvXj1NmDBB9913n8MQ8sMPP+juu+9W48aN9ccffxR7TGf0RankPlTa+60s
nNEfcnJytG7dOtt5nDJlim6++Wa1aNGiyB8Vf+XMc++McyE57/1fWFiomTNnatKkSQoODtbatWvL
9Iefq/ojUNkxAg2Pk5+fr/Xr12vhwoVatGiR3TJjFwsPD9fEiRN17733Otx+8803q3Xr1tq9e7cG
DBhQZFudOnU0b948derUSV27dtX333+vAwcOlDl0xsfH695779Xhw4f10EMP6eWXXy7xw7u8r9Eq
a9euVefOnTVw4EC1atVKQUFB8vLyUmxsrJo2bapatWqpYcOGatu2rUtWQ6gK58iRjRs32sKzo37R
tWtXbdq0SRs2bND8+fO1YcMG/fOf/9T8+fM1bdo0o7WRL6hIXzRR2vvNlQoLC7V9+3bFxMToyy+/
VFJSkm3bc889J+n8COqQIUN0//33q06dOnb7cOa5r8i5cEXfvjDKLp0P5VdeeaXat2+vFi1aqFev
Xrr11lsVEBBg9zxX9EegKiBAw2Okp6dryZIl+uijj7Rjx44yP6+kC6Rq1aqlr7/+Wm+//ba++eYb
JSUlKTw8XHfffbceeeQRNWrUSJKUm5srqexfQ+bl5WncuHE6fPiwevXqpalTp5YpRJb3NVph0aJF
ev7550udctOiRQtNnTrVaXPGrTpH6enpysjIUO3atct9N8KzZ89qzJgxklRsv/D29lbz5s3VvHlz
DR48WOvWrdOMGTP066+/6s4779Rbb71l+9akLMrbF8vLGRdBmkhPT9d3332nzz//vMjKKIGBgbbg
ecMNN2jHjh3av3+/rc++/vrrdjfEcfa5Nz0Xrurbhw4d0qBBgxQbG1ukfdu2bdq2bZu++OILde7c
WbNmzbK70NPZ5wSoKgjQqPLS0tL05ZdfaubMmbZRpaCgIA0bNkz9+vVTQUGBbr/99nLvPyIiQlOn
TtXUqVN19uxZ1axZs8g857i4OK1fv16SyjxX9JtvvtGvv/6qoKAgzZgxo0yrIVT0NWZmZmrNmjXa
sWOHcnJydOmll6pDhw66+uqrXXIziRtvvFGrV6/W1q1bFRsbq5SUFB07dkyfffaZJKlly5by9va2
je5/9dVXFQrRru4HJRk7dqxmz55t+3ngwIF68cUXjZdZW7hwoeLi4srcL7y8vNSlSxctWLBAQ4cO
1apVq/Too4+qe/fuqlu3bpmOadIX3d2HKuLUqVOaN2+e3nnnHZ06dUrS+ekFQ4YM0V133aXo6Gjb
H8CvvPKKoqKitH79er3yyivasGGD7r333hIvnnXGuS8rV/ftt99+W7GxsWrcuLGmTZumq666Sn5+
fjp58qTWrVunmTNnat26dXrggQcUExNT7MV+7jwngNUI0KiysrKyNH/+fM2YMUMnTpyQdD7APvbY
Y+rdu7ftQpatW7c67Zh/XbJp9+7devjhh5Wdna3BgweXeUTpQoh89NFHSwxZznqNu3bt0siRI23z
LS/WuXNnvfDCC0VuX+0MhYWFCgwMVJcuXWzLjUnnL3havXq1nnjiCfXp00eTJ0/WrFmz9Oyzz2rt
2rXGUwes6Ad/9de5q4sXL1ZiYqKWLVtW5tHcwsJCffjhh5JK7xcX5Ofna9WqVXrjjTe0efNmSeen
Fl34RqQsytoXrehD5ZGZmal3331X7777rtLT0yVJt912m4YMGaJbb73V9h4+e/ZskecFBgbqlltu
0U033aQXXnhBs2bN0tixY9WlSxeHF+M549yXxl19+8Jo9rhx43TXXXfZ2uvVq6c2bdrorrvu0u23
367t27dr4cKFGjFihMP9uOOcAJUFARpV0o8//qhJkybZVslo2bKlnnrqKfXs2dPhPD1nSU9PV1JS
kv7880/98MMP+vLLLyVJd9xxh15++eUy7ePgwYO2r5Iv/rD6K2e9xvT0dNv81qCgII0cOVJNmjTR
0aNHtWDBAq1bt049evTQ1KlTNXz48DLv15GLw2Jhof31yYcPH7Z9sDZu3FgBAQEaP368Pv30U+3d
u1c7duwodikzR6zqB381cuRI27zlJUuW6Omnn9aGDRu0bdu2Mi9ft3//fu3Zs0dSyf3igrVr12r6
9Olau3atpPOrKowZM0b33HNPmVcIKWtfdGcfqih/f3/FxMTYwnNJo8iO+Pr6auLEiVq2bJkOHTqk
tWvXqm/fvkUe44xzXxp39u3GjRtr8+bNxf7x2qBBAw0fPlyTJ0/WqlWrHAZod5wToDIhQKNK2rJl
i+2DZerUqXrggQdcvgh/586d7UbfWrRooXHjxmnAgAFlvvL9wIEDks5/BVvS8nDOeo2rVq3S4cOH
JUkxMTFFbojyxBNPaPbs2XrppZf07LPPKjU1VQEBAcrOzjY+jqQiX+3u3btXV199te3nXbt26dFH
H1VGRoZuuOEG28VFwcHBatmypX7//XclJiYaBWgr+oEjl156qe3/R44cqY8++khxcXE6cuRImQN0
WftFUlKSXn75Zc2dO1fS+eXf/vnPf2rQoEEKCgoyqrusx3RnH6ooX19fjRgxwrZE3YWR54EDB6pn
z55lWms4ICBA7dq106FDh3T8+HFbuzPPfWnc2bdffPFFvfbaayUG3Qurzpw8ebJIuzvPCVCZVK5J
a0AZXbxG6ccff6zXXntNu3btcukxL6xtK0mRkZH66KOPtG7dOt17771Gy0ZdmI8ZFRVV4tf7znqN
F4LPFVdcYXc3wYCAAD300ENatmyZoqKi9Oqrr1Yo+DRq1MgWmgcPHqzJkyfr5Zdf1qBBg9SlSxdt
375dLVu2LLJWbX5+vu2mKaZ3NbOiH5TGy8vLFnRM1ra9cBfD0vrFgQMHbGGlZ8+e+uWXXzR8+PBy
hZWy9kV39iFn+Nvf/qYZM2Zo6NChioyM1E8//aTRo0erU6dOmjt3rvLy8kqcsx0fH6+NGzdKUpE1
jZ157kvjzr7doEGDUkeJL0zzuPzyy4u0u/OcAJUJARpVUvPmzTVmzBiFh4crPj5er7/+urp06aL7
77/fZR8y3bt3t43CJCUlaeTIkXrwwQf1888/O5yuUJwL4aK00SRnvcYLH2QnTpwodrmrdu3aaeHC
hbb1e8vLy8tLb775pho2bKjExES9/vrrevXVV/X9998rODhYTz75pJYvX267QYsk/fzzz7bw2KxZ
M6PjWdEPSpOSkmKbimFyEWFOTo6k0vvFddddp1atWkk6v055p06d9Mwzz+jXX39VXl6eUa1l7Yvu
7EPOEBISolGjRmnmzJnavn27Vq5cqb///e9KSkrSmDFjNHr0aGVmZto977777lP37t3VuXNnJScn
Kzg4WDfeeKNtuzPPfWkqU9/esGGD7bbfvXr1KrLNnecEqEwI0KiypkyZoj179ujXX3/VuHHjFBwc
rGXLlqlLly6aMWOGLZA4S1hYmHbt2qXNmzfrtdde07XXXqslS5aof//+GjJkiOLj48u0nwvryx45
cqTUxzrjNV64gO/EiRN66aWXig1A0dHR+uSTT8r0GkrSrl07bdiwQd99950+/fRTzZ49W999951i
Y2M1ceLEIhdkHThwQOPHj5d0fsStSZMmxsdzdz8oTUxMjM6dO6eWLVuqbdu2ZX5eWfuFr6+vnn32
WXXr1k0BAQE6deqU3n//ffXp00d33nmnVq1aVeY/6Mp6THf3IWeqUaOGrr/+er3//vv67bff1LVr
Vy1atEj9+vUr8odDXl6eVqxYoU2bNik7O1sRERH697//XeSGOc4892Xhjr595MgRffDBB/rtt98U
Hx+v5ORkJSUlKS4uTqtXr9bEiRPVu3dvZWdna8CAAXYB2t3nBKgsCNCo0vz8/HTllVdq0qRJ+v33
3/X4449LkqZNm6YhQ4YoPT3d7tbaFeHj46Po6GiNGDFC33//vRYsWKB27dpp6dKluuOOO/Tzzz9L
UonHrF+/vqTzo9jJycmlHrOir7FNmza22zO/99576tatW7Fh/+I5yxURFBSk6667Tv3791efPn10
3XXXFbmleFpamj766CP16NFD8fHxatq0qSZPnlzu47mjH1yYciKp2JG1hIQETZ06VZI0evRoo/WU
TfpF79699c033+jgwYP64Ycf9OSTT6p+/fravHmz7rnnHo0dO1anT5922jGt6EMVceLECf3888/6
6quvtHHjRtu/V5s2bbR48WI99dRT2rFjR5E/BLy8vBQTE6P58+drxYoV2rp1q7p162a3b2ed+7Jy
dd/esmWLxo8fr549e6p9+/Zq2bKlWrVqpQ4dOqhfv3565513bCH53Xffddin3X1OgMqAAA2PERYW
phdffFE//fSTmjZtqu+//14jRoxw2Qikj4+PevTooRUrVujJJ5/UiRMnNGjQIC1fvrzE+ZVt27a1
fc39448/Gh2zvK9xwoQJeumll+Tn56c6deqU6Ra9FfHll19q4MCBeu655/T666/rnXfe0Ztvvqnn
n39e99xzj21FgVOnTumOO+7Qt99+a7xmcnFc1Q8u/gMgJSXFbntiYqIefPBBnThxQjfeeKPxHebK
0y8CAgLUoUMHTZw4UZs2bdKrr76qiIgIzZkzR/369VNCQoLT+qK7+1B5zZ07Vx07dlT//v01fPhw
9ejRQ7169dLBgweVm5urJUuWKDIyUqNGjbI9JyUlRT4+Prrpppt01113qXPnzqXOx6/ouS8PV/Tt
qKgojR071jYN42K9e/fW3Llz9eeff+rpp58udaqPFecEsAqrcMAjFBQU2H4xX3PNNVq+fLkefPBB
rVq1yugCv/KoWbOmJk6cqMaNG2vs2LEaNmxYiaOp/v7+GjZsmKZNm6YpU6aoa9euths6lJXpa/Ty
8tLYsWPVs2dPZWVlufROc9L5kdgff/yxxFA2dOhQDRo0SNddd51LPlSd3Q9CQ0PVtm1b7dy5U599
9pmmTp2qwMBAZWRkaPny5Zo0aZKSkpLUunVrffjhh8bHq2i/uLC8XM+ePfX0009r2bJl6tu3r+3O
hhU9prv7UHls3LjR9nrvuOMOdezYUb///ruWLl2qwYMHq2PHjrYpJhdG3yWziz0vduH3TnnOfXmP
JTm3b7dr107t2rXTiy++qNjYWP3444/6+OOPdejQIS1dulT+/v6qW7euw7WwS6rTHecEsBJ/CqJK
O3v2rIYOHarLLrtMs2bNsrVHRkbq888/V6tWrbRs2TK31DJkyBAtWrRIkvTMM8+U+NiHH35YTZs2
VXJysvr06aNvv/1Wx48f14kTJ/Sf//xHCxcuLPV45XmNl19+ua644ooyPbYiBg8erKVLl+rDDz/U
s88+q759+9pdXDZ//nx9/PHH+uabb2yrQTibs/vBU089Jen8zUeio6N1/fXXKyoqSqNGjVJSUpJ6
9OihxYsXl/tCOmf0i/r16+vzzz/XY489psOHD9umXjjrmO7qQ+Xxyy+/SDp/a+65c+fqiSee0Jw5
c/TKK69o586d+uSTT3TttdfqrbfeUsOGDW3PM139pbjfO6bnviLHcnbf9vLyUqtWrfTYY49p06ZN
+uKLL9S9e3d99dVX6tGjhx5++GHFxcUZ1+mKcwJUBl5paWnM7keVtXLlyiJflR88eLDIckx79uzR
TTfdpHPnzkk6Pzfyr6M18fHxtqW59u3bZ3dXOVOzZ8/W2LFjbT87OqYkxcbG6r777nM4lzQwMFAb
N24s09fkZXmNZZWVlWULf2vWrFG7du3KtR9HCgsLlZCQoD///FPr1q3Tt99+a5t36+fnp4EDB2ro
0KHq1KlTkTmdzvj3cVY/KCgo0CeffKIZM2YUCf3XX3+9HnroIfXu3bvCI7N79uzRfffdZ1va72Im
/aKwsFCTJ0/WG2+8Ien8zTL++OMPh491Vl+USu9DFf33LOn5M2bM0LRp09S/f399+umntva8vDx1
795d27Zt0zfffKNu3bopLS3NdtHqunXr1Lp16zLXUNrvnbKe+7KcC2f8jiuvwsJCrV69WpMmTdKO
HTvk5+enp556So899pjddA5nnROgqmAEGlXaxR/qrVu3thtJatWqVamjwc42ePBgjR49utTHtWzZ
UitXrtSECROKjFg2bNhQY8aMKfM6qla8xvLw8vJS06ZN1adPH02fPl1//PGHvvvuOz388MOqUaOG
vvjiC91xxx26++67SxzpKg9nnSNvb2+NHDlSO3fu1Pr16/Xbb79p7969Wrlypfr16+eUaQ2tWrXS
ypUrNX78+CIrQJj2Cy8vL02YMEEDBw4s9bHO6otWuxBGv/76ay1dutTW7uvrq+7du6t+/fq2qQim
t4y/WGm/d0zOfUWP5cr3v5eXl2655RZ9//33mjRpkqTzN3UZMGCA9u7da1SnM88JUBkwAo0qb+fO
nYqLi9MNN9xQ4dFjK6WmpsrHx6dMd0rzNGlpaVqyZIneeOMNFRYW6tdff+X2vzo/apeamipfX1+3
9ouq2hfz8vI0atQoffXVV5Kk2267TXPmzHF48dvZs2dtF66ajkBL7v29U1l+x+3YsUNPPPGEtmzZ
ovbt22vlypVF5o9XljoBdyBAA6g0MjMzdejQIYcrAgBlkZubq3/961+aMWOG7rrrrmLXpc7Pz9fW
rVslnV/eznQedHV19uxZvfnmm7r33nvt7koIVCcEaACAxzl+/LjS09MVHR1tdSkAPBABGgAAADDA
RYQAAACAAQI0AAAAYIAADQAAABggQAMAAAAGCNAAAACAAQI0AAAAYIAADQAAABggQAMAAAAGCNAA
AACAAQI0AAAAYIAADQAAABggQAMAAAAGCNAAAACAAQI0AAAAYIAADQAAABggQAMAAAAGCNAAAACA
AQI0AAAAYIAADQAAABggQAMAAAAGCNAAAACAAQI0AAAAYIAADQAAABggQAMAAAAGCNAAAACAAQI0
AAAAYIAADQAAABggQAMAAAAGCNAAAACAAQI0AAAAYIAADQAAABggQAMAAAAGCNAAAACAAQI0AAAA
YIAADQAAABggQAMAAAAGCNAAAACAAQI0AAAAYIAADQAAABggQAMAAAAGCNAAAACAAQI0AAAAYIAA
DQAAABggQAMAAAAGCNAAAACAAQI0AAAAYIAADQAAABggQAMAAAAGCNAAAACAAQI0AAAAYIAADQAA
ABggQAMAAAAGCNAAAACAAQI0AAAAYIAADQAAABggQAMAAAAGCNAAAACAAQI0AAAAYIAADQAAABgg
QAMAAAAGCNAAAACAAQI0AAAAYIAADQAAABggQAMAAAAGCNAAAACAAQI0AAAAYIAADQAAABggQAMA
AAAGfK0uAFXT+tMbtDs9VgczDupEzkml5KZYXRIAAKUK86+jujXqqklQY11xSRt1qtPR6pJQBXml
paUVWl0Eqo4DGfF6J+5fOpp11OpSAACosEY1G2ls9CNqUquJ1aWgCiFAo8yWH1uh2QfnqUAFVpcC
AIDTeMtbDzQdqjsiultdCqoIAjTK5JP4z/Rd8iqrywAAwGXuiOyh4VHDrC4DVQAXEaJUS44uJTwD
ADzed0nfK+bYMqvLQBXARYQo0d4z+zT30HyH2yJrRqhfVF9FX3K5WlzS3M2VAQBgLjZtn/b/d7++
ORijpMxku+1zDs5T6+BWahZ0uQXVoapgCgdKNHHnJMWe2WvX3qvxXRrRcpj8vf0tqAoAgIrJLcjV
R3s+1fLD39lta1W7pV5q+4IFVaGqYAoHirXvTJzD8Py3Jr31SOuHCM8AgCrL3173/OQAACAASURB
VNtfj7Z5WH9r0ttu254zsYrPiLegKlQVBGgUa1PKFru2hrUa6IEWQyyoBgAA53ugxRBF1Iywa3f0
GQhcQIBGseLOxNm19WnSU37efhZUAwCA8/l5+6mfg1HouDP7LagGVQUBGsU6nn3Crq1VaCsLKgEA
wHVahra0azueY/8ZCFxAgEaxTueetmu7vHaUBZUAAOA60cH2K24czz5uQSWoKgjQKDMuGgQAeCqm
J8IEARoAAAAwQIAGAAAADBCgAQAAAAMEaAAAAMAAARoAAAAwQIAGAAAADBCgAQAAAAMEaAAAAMAA
ARoAAAAwQIAGAAAADBCgAQAAAAMEaAAAAMAAARoAAAAwQIAGAAAADBCgAQAAAAMEaAAAAMAAARoA
AAAwQIAGAAAADBCgAQAAAAMEaAAAAMAAARoAAAAwQIAGAAAADBCgAQAAAAMEaAAAAMAAARoAAAAw
QIAGAAAADBCgAQAAAAMEaAAAAMAAARoAAAAwQIAGAAAADBCgAQAAAAMEaAAAAMAAARoAAAAwQIAG
AAAADBCgAQAAAAMEaAAAAMAAARoAAAAwQIAGAAAADBCgAQAAAAMEaAAAAMAAARoAAAAwQIAGAAAA
DBCgAQAAAAMEaAAAAMAAARoAAAAwQIAGAAAADBCgAVQiXlYXgEqJfgGgciFAA6hECq0uAJUS/QJA
5UKABgAAAAwQoAEAAAADBGgAAADAAAEaAAAAMECABgAAAAwQoAEAAAADBGgAAADAAAEaAAAAMECA
BgAAAAwQoAEAAAADBGgAAADAAAEaAAAAMECABgAAAAwQoAEAAAADBGgAAADAAAEaAAAAMECABgAA
AAwQoAEAAAADBGgAAADAAAEaAAAAMECABgAAAAwQoAEAAAADBGgAAADAAAEaAAAAMECABgAAAAwQ
oAEAAAADBGgAAADAAAEaAAAAMECABgAAAAwQoAEAAAADBGgAAADAAAEaAAAAMECABgAAAAwQoAEA
AAADBGgAAADAAAEaAAAAMECABgAAAAwQoAEAAAADBGgAAADAAAEaAAAAMECABgAAAAwQoAEAAAAD
BGgAAADAAAEaAAAAMECABgAAAAwQoAEAAAADBGgAAADAAAEaAAAAMOBrdQEAqobsglz9mX5YJ3JS
dTr3jFJyz+hUbrpScs8ouyDXKcd4qdVgNQgIc8q+4Dle2DNHidmnnba/AG9/1fGvrXD/YIX511aY
f23VrRGqa0OaOe0YADwbARpAsZKyU7Tm1E795/Sf2pIWp9yCPJceLyvfOUEcnmX3mSOKO3vM5cep
4e2nDqHRujGsrW4Ka6PIgDouPyaAqokADcDO18fWac6Rn5SQedzqUgC3ySk4p7Wnd2vt6d2aJuny
WpEa0uhW9Y28zurSAFQyBGgANr+l7Nab+7/VfjeM9gGV3YGzSXohdq5mH/lJE5rfo2tDoq0uCUAl
QYAGoP0ZxzRt30Jt/e9+q0sBKp0DZ5M04veZ6lynlZ6KHqComhFWlwTAYgRooJpbcPQ/mrZvQZke
6+/tqyuDmygiIFSX1jj/X0RAqAJ9ajillgaBXEAIe5Na/kOZTrpQVZKy8nOUnJ2q4znn/0vOTtWW
tNL/eFyXskf9Nk7RxBb3akD9Lk6rB0DVQ4AGqqkCFWrGvkVacPTXEh8XGVBHN4W10Q1hV6hTaAv5
e/NrA+7VJrixy4+RXZCrTan7tPb0Lv166k8l56QW+9jJe79QQuZxPdmsn7zk5fLaAFQ+fBIC1VBW
fq7G7fxAG1P3FvuY6Fr19VjT3ropvK0bKwOsEeDtr5vCrtBNYVfo2eaD9MupnXo7PkYHziY5fPzc
Iz/rUOZxvdJmuAJ9/N1cLQCrEaCBaiYjP0sPbH2z2GXBIgPq6JGonuod0cnNlQGVR9fwtuoa3lZL
kzfq3filOp6TZveY/5zepWHb3tAn7R9XkE+gBVUCsAp3IgSqkfzCAj3+xwfFhufu9dorptPzhGfg
//SO6KSYTi/o9rpXO9y+NyNR43Z8qPzCAjdXBsBKBGigGnkxdr7DlTa85aUnm/XXK20elB9znIEi
avj46dUrhuuflzue87wlLU6vxH1lQWUArEKABqqJBUd/UUzyBrv22r6Ber/dGA1udIsFVQFVx9DL
btV7Vz2qWj4BdtsWHP1FXx9bZ0FVAKxAgAaqgS1pcZqxb7Fdu5+Xrz65epw6hrawoCqg6rmuTkt9
0O4x+XnZf1MzZe8X2v7fAxZUBcDdCNCAh8vJP6en/vxEBSq02zat9TA1D2pgQVVA1XVFcGO93HqI
XXuBCvX0rs90riDfgqoAuBMBGvBw8xJXK/Vchl37Q03u1G312llQEVD1da/XXsMbd7drP5GTpi+P
/mJBRQDciQANeLCMvCx9cmiVXfuNYW30SFRPCyoCPMeYqN7qGma/TvpHB79TVn6OBRUBcBcCNODB
Pjm0Smfzs4u0BfkEaGrrYRZVBHgOLy8vTWk12O5GKul5mfr00A8WVQXAHQjQgIdKyT2jeYmr7drv
v+wW1fblpg+AM9T2q6l/NOxm1z7nyM/677mzFlQEwB0I0ICH+jZpvXIL8oq0BfkEaGijWy2qCPBM
QxvdajcKnV2QqyUOlo0E4BkI0ICHWp8Sa9fWM6KTAn1qWFAN4Llq+9XUnZd2sGt39B4E4BkI0IAH
ysrP0da0OLv22+peZUE1gOdz9N7akhqn3IJzFlQDwNUI0IAH2pwWZ7fuc7BvTbUPaWZRRYBn6xTa
0u4OhecK87Qlbb9FFQFwJQI04IHWpey2a+tW90r5ePGWB1zBx8tbXcPtl7Rbl7LHgmoAuBqfpoAH
istIsmu7pS43TQFc6RYH0zjiMo5ZUAkAVyNAAx4oNTfdrq117UYWVAJUH47eY47eiwCqPgI04IFO
59rfujvcL9iCSoDqI9S/tl3b6XP270UAVR8BGvAwhYWF+m9e0Rs4BPkEysvLy6KKgOoh0Ntfvl4+
RdpO56arsLCwmGcAqKoI0ICHOXXO/ivjUP9aFlQCVD/h/pfYtf31D1oAVR8BGvAwZ/Oy7dpq+XDr
bsAdavsG2LWdycuyoBIArkSABjxMgYO2QvEVMuAO3g6mSuUVOnpXAqjKCNAAAACAAQI0AAAAYIAA
DQAAABggQAMAAAAGCNAAAACAAQI0AAAAYIAADQAAABggQAMAAAAGCNAAAACAAQI0AAAAYIAADQAA
ABggQAMAAAAGCNAAAACAAV+rC0D1VKhCeVldhIeKrBGqj68eW6Stpk8NSYXWFARUIy+0vE+Z+TlF
2iJrhIr3n3R+zI7zAM9AgIYlvIjPLhPo469rQ5pbXQZQLbWu3djqEioxwjM8B1M4AAAAAAMEaAAA
AMAAARoAAAAwQIAGAAAADBCgAQAAAAMEaAAAAMAAARoAAAAwQIAGAAAADBCgAQAAAAMEaAAAAMAA
ARoAAAAwQIAGAAAADBCgAQAAAAMEaAAAAMAAARoAAAAwQIAGAAAADBCgAQAAAAMEaAAAAMAAARoA
AAAwQIAGAAAADBCgAQAAAAMEaAAAAMAAARoAAAAwQIAGAAAADBCgAQAAAAMEaAAAAMCAr9UFAICn
2pK2Xxl5mYrNSDz/c+o+lxynRVBD1farqQYBYYoMCFPzoPoK9q3pkmMBAAjQAOBU6XmZWpq8SXOP
/Kyk7BS3HHNL2v4iP9f2DdTN4VdqdFRP1Q+o45YaAKA6IUADgJPEJG3Uq/sX60xelqV1nMnL0tLk
jVqavFG9IzrpqegBjEgDgBMRoAHACV6NW6x5iWusLsPO0uSN2ptxVB9fPZYQDQBOwkWEAFBBE/fM
qZTh+YJ9GYka8fvbSs/LtLoUAPAIjEADQAWsPvWHliZvLHZ71/C2ahnUULV9a6pF7YYuqSEjL1Ox
ZxJ1LPu0Vp/cqYx8+ykk+zIS9fyeuXqr7UMuqQEAqhMCNACUU3pepl6J+8rhtt4RHTU6qpfbLuLr
Fn7V+ZqiMxWTtFHvJ6ywC9JrTu3Q5rQ4dQiJdktNAOCpmMIBAOU078hqhytt/E+zAZrcaoglK2AE
+9bU/Y266ZP2jyvIJ9Bu+6vFBH4AQNkRoAGgHNLzMjXfwbzn3hEddX+jbhZUVFSLoIZ680r76Rr7
MhIVk1T8lBMAQOkI0ABQDjFJG+2WqwvyCdRT0QMtqsheh5BoXRPSzK49Jnm9BdUAgOdgDjSAaic9
L1O/nNqpTan7lJR9Wnszjjpl7eZ/NLq50i0V93T0QA3aPL1I25a0/Wq3eozxvq4NaaYg35rqENpc
14Y0U4sg11wUCQCVHQEaQLVxLDtF7yUsL3HVjIroG3m9S/ZbES2CGuqakGba+pe7FZbHhTserjm1
Q9L5QD0qqicXJQKodpjCAaBaiEnaqEGbp7ksPPeO6Fhpb5vdN8I1wX5L2n6N/H2mJu6ZwxrTAKoV
AjQAjzdxzxw9HzvHpbfY7lMJR58v6BPZSRE1Ql22/6XJG7lRC4BqhQANwKNN3DPHZaPOFzQPalDp
pzH0jbzOpfvnbocAqhPmQAPwWCXNdw7yCVSfyE7qEBqt+gFhHn9B3Oionhod1bPczz+WnaKj2ae1
JXWfliRtUHJOqt1j9mUk6omdH+rjq8dVpFQAqPQI0AA80rHsFIfrNEvnb689PvruSjtnuTKqH1BH
9QPqqENItEZH9dR7Ccs178gau7sdbknbr7lHVleKtbABwFWYwgHAI72XsMzhnOf/aTZAM9uOIjxX
0OionsXe7fCDgyssqAgA3IcADcAjrTm1066tstwl0FO0CGqoya3vt2s/k5el1af+sKAiAHAPAjQA
j7P61B+V/i6BnqJb+FXqHdHRrv3nkwRoAJ6LAA3A48SeSbRruya0WaW7S6Cn6BDSwq7tWHaKBZUA
gHsQoAFUCy09fJUNK10bar+E376MoxZUAgDuQYAG4HFiM+xHoK8NbW5BJdWDowsyXXnTGgCwGgEa
gMfJILwBAFyIAA0AAAAYIEADAAAABgjQAAAAgAECNAC42ZpTOyq8j81pcUrPy3RCNQAAUwRoAHCT
zWlxunP98xq388MKr5P8atxX6rn+Bb3PbbMBwO0I0ADgYnszEjXi97c08veZSvq/4Dz3yM/l3t/m
tDjty0jUmbwsvZ+wQneuf15Lkzc6q1wAQCkI0ADgQjFJGzVo83RtSdtfpH1p8sZyT8GISVpf5Oek
7BRN3DNHI35/i2kdAOAGBGgAcJGYpI16PnaOw21n8rK05uRO432m52VqafImh9u2pO3XiN/fJkQD
gIsRoAHABUoKz5LUNbytw1tgl8WoJncqyCfQ4bZ9GYmEaABwMQI0ADhZSeG5eVADfXT145rZdpTD
W2CXJti3pkZH9dTCjhPUO6Kjw8cQogHAtQjQAOBEm9Piig3PvSM6amGHCeoQUr6R54vVD6ijya2G
6KOrH3c4Gr0vI1HvJ7BCBwC4AgEaAJwkPS9Tz+8pPjxPbjXE6cfsEBKtya3vd7htfuIabU6Lc/ox
AaC6I0ADgJPMO7LatkzdxVwVni/oFn6VXmo52OG24gI9AKD8CNAA4CTzE9fYtUXUCHVpeL6gT2Qn
h3Oik7JTGIUGACcjQAOAE8QkbdSZvCy79vsb3eK2GkZH9XLY/kHCcrfVAADVAQEaAJzgp1Pb7dqC
fALVJ7KT22qoH1DH4Sj0X2/iAgCoGAI0ADjBNgchtU9kJwX71nRrHX0ir3fYzjQOAHAeAjQAVNDe
jESH0zdq+zq+2YkrNQgIc9i+JXWfmysBAM9FgAaACkp3EJ4l6drQ5m6uROW6OQsAwAwBGgBcJNiC
EWjp/N0O/2oLUzgAwGkI0ADgYayYOgIA1QkBGgBcpLipHa621cEFjS2CGlpQCQB4JgI0ALiIFRfu
pedlOmxnVBoAnIcADQAV1CEk2uoSbPZmHHXY3rI2I9AA4CwEaABwgmtCmtm1xSRvdHsdMUnrHbZf
U4lCPgBUdQRoAHCCvhH2NzBJyk5RTJL7QnR6XqaWJm+ya78mpJnbb+gCAJ6MAA0ATnBz3bYK8rGf
Z/zeweVuq2HekdUO2x2FewBA+RGgAcAJgn1r6h+NbrZrT8pO0cQ9c1x+/L0ZiZqfuMauPaJGqPpE
dnL58QGgOiFAA4CT/KNRN4ej0EuTN2puMaPDzrA3I1Ejfp/p8Hbik1sPcdlxAaC6IkADgJME+9bU
5Nb3O9z22v6vXDIfuqTw3DW8baVaIQQAPAUBGgCcqFv4Veod0dHhtudj52jE729pb0ZihY+Tnpep
9w+u0KDN0x2G5+ZBDTS51eAKHwcAYM/X6gIAwNNMbnV+2oSjFTG2pO3XoM3T1Tuik56KHlCu1TGW
Jm/UK3GLHQZn6Xx4/vjqx1l5AwBchBFoAHCBya2GFDsSLZ0PweWZ0nHs/y5KJDwDgHUI0ADgIiWF
6CCfwHKtjlE/oI66hrd1uI3wDADuQYAGABea3GqIPrr6cTUPalCkvVvdtuUOuvc3uqXIz0E+gRrV
5E4t7DCB8AwAbsAcaABwsQ4h0VrYYYJikjbqXwnLlJyTaheCTfcXUSNUyTmpuq/hzXo46i6CMwC4
EQEaANykT2Qn3Vy3rdac3KkWQQ0rtK/JrYeoQUCY6gfUcVJ1AICyIkADgBsF+9Z0yp0BWd8ZAKzD
HGgAAADAAAEaAAAAMECABgAAAAwQoAEAAAADBGgAHudaBxfYbUndZ0El1cOx7BS7tiCfQAsqAQD3
IEADqBZiMxKtLsFj7c04YtfWonYDB48EAM9AgAbgcRoEhNu17cs4akEl1cPm1Di7tiBfRqABeC4C
NACPc3PdtnZtSdkpeiVusQXVeLbNaXGan7jGrv3W8HYWVAMA7kGABuBxgn1rqmu4fYien7hGMUkb
LajIM6XnZeqJnR/atQf5BDr8IwYAPAUBGoBHGh99t8P252Pn6P2DK5Sel+nmijzL6lN/aNDm6TqT
l2W37R+Nblawb00LqgIA9+BW3gA8Uv2AOhrV5E59cHCl3bb3E1Zo3pHVejp6oCIDwnRtSDMLKqx6
9mYkKik7RXOP/KwtafsdPqZ5UAONjurp5soAwL0I0AA81uionjqWfVpLkzfZbTuTl6WJe+bYfo4M
qKMGAXXcWV6VkZ6XrX1lWMUkyCdQk1sNdkNFAGAtAjQAjza51RCl52Xpl1M7S3xcUnaKkhysZ4yy
CfIJ1CftH1eLoIZWlwIALsccaAAeb2bbURrV5E6ry/BY14Q004rOLxKeAVQbjEADqBZGR/XULXWv
0r8Slpc6Go2yiagRqkeieqlPZCerSwEAtyJAA6g2WgQ11My2o3QsO0U/n/xDq0/9oa3FXAwHx5oH
NdC1IdHqEBqtbuFXWV0OAFiCAA2g2qkfUEf3N+qm+xt1s7oUAEAVxBxoAAAAwAABGgAAADBAgAYA
AAAMEKABAAAAAwRoAAAAwAABGgAAADBAgAYAAAAMEKABAAAAAwRoAAAAwAABGgAAADBAgAYAAAAM
EKABAAAAAwRoAAAAwAABGgAAADBAgAYAAAAMEKABAAAAAwRoAAAAwAABGgAAADBAgAYAAAAMEKAB
AAAAAwRoAAAAwAABGgAAADBAgAYAAAAMEKABAAAAAwRoAAAAwAABGgAAADBAgAYAAAAMEKABAAAA
AwRoAAAAwAABGgAAADBAgAYAAAAMEKABAAAAAwRoAAAAwAABGgAAADBAgAYAAAAMEKABAAAAAwRo
AAAAwICv1QWgOvOyugCPlJSTqol7Zhdpuyywrp5vcZ9FFQHVx0t75+lw1qkibVNaDVFEjVCLKqps
Cq0uAHAKAjQsxC9SV8jKz9GW1H1F2s6cyxTnG3C9XemHtDfjaJG2rPwc8f4DPAtTOAAAAAADBGgA
AADAAAEaAAAAMECABgAAAAwQoAEAAAADBGgAAADAAAEaAAAAMECABgAAAAwQoAEAAAADBGgAAADA
AAEaAAAAMECABjyMr5eXXVtBYYEFlQDVT56D95qfl48FlQBwJQI04GFC/ILs2lLPnbWgEqD6ScvN
sGu7xK+WBZUAcCUCNOBhgn1ryvcvI16ncv+rwsJCiyoCqofCwkKdPnemSJuvl7dq+wZaVBEAVyFA
Ax4ozL+2XVtqnv3IGADnOX0u3a6trn+IBZUAcDUCNOCB6jgI0Kdzzzh4JABnOZlrH6DDagRbUAkA
VyNAAx7I0Qh07JlECyoBqg9H7zFH70UAVR8BGvBALYMa2bWtPf2nBZUA1Yej91ir2vbvRQBVHwEa
8EA3hV9h1/bb6d3KZzk7wCXyCwv02+nddu03htm/FwFUfQRowAO1rd1EoX9Zzi4jP1t/pMdbVBHg
2bamxSm74FyRthC/WmpT+zKLKgLgSgRowAN5eXnphrDWdu2Ljq61oBrA8zl6b3ULv9KCSgC4AwEa
8FCOvjpeeXyLEs4mW1AN4LniMo7qh5O/27Xf6GAqFQDPQIAGPFS38CsdrgAwM36JBdUAnuvt+Bi7
tno1QnRjHQI04KkI0ICH8vP21SNRveza15zaqb0ZLGkHOMOu9EP6z+lddu2PRvWSn7ePg2cA8AQE
aMCD/S3yejUICLNrn7Drc2Xm5VhQEeA5MvKyNGH353btjQPrqXdERwsqAuAuBGjAg/l4eWvM5X3s
2uMzk/Xkro9VwLJ2QLkUFBbo8R0f6HDWSbttj13eR95efLwCnox3OODh7qx3jZrXamDXvj5lD/Oh
gXJ6ff/X2vrf/XbtzWrV121121lQEQB3IkAD1cD0NsMU6FPDrv3fh3/SkqQNFlQEVF3fJK3XvMQ1
du21fAL06hUPWlARAHcjQAPVQNNakXrjipHykpfdthdi5+qDgystqAqoev6VsFwvxs6za/eWl2Ze
OUpRNSMsqAqAuxGggWri+jotNaH5PQ63vZewXON2fqCc/HMOtwPVXVZ+rsbt/EAfFvPH5gst79O1
IdFurgqAVQjQQDVyT4MbdW/Drg63rTm1U0O2va4TOWlurgqo3JKzU3X/1le15tROh9sHN7pFfSOv
d3NVAKxEgAaqmfHRd6t//c4Ot+3NSFT/jS/rg4MrlZnPMneo3jLys/SvhGXqt3GyDpxNcviYgfW7
6Mlm/d1cGQCr+VpdAAD3e77FfYqu1UCvxi1WgQqLbMvIz9J7Ccs1/8hqDWt8u/7esKsCvf0tqhRw
v6yCXM07slqzD/+k9LxMh4/x8fLWU80G6u8Nb3JzdQAqAwI0UE3d27CrooPq6/EdH+hsfrbd9v/m
ZWrmgSX6MGGlrg5pqg6hLdQhJFqtal8mH9a4hQfJLyzQrjOHtTl1nzan7tX2/yYouyC32MfX9g3U
m20fYs4zUI0RoIFq7NqQaM279imN2fGeErNOOXxMVkGu1qXEal1KrK0tokaoLq0RonoBoaofEKoA
J41QD2p4k+r41XbKvuA5Fib+qtPnzjhtf1n5uUrKSdWJ7FQl56TpeE5qmZ/bpOal+tdVj6p+QB2n
1QOg6iFAA9Vck5qXanHHZzXvyBp9dugHZeRnlfqc5JxUJeekSukJTq3l9nrtCdCws+jYWsWdPWZp
DcG+NTXsstt0X6ObnfYHI4CqiwANQAHe/hreuLvubnCDPj20Sl8k/qKcApa0AwK8/XVvw64a3qS7
gnwCrS4HQCVBgAZgE+xbU+Mu/5uGN+6h1Sd36PsTW7Uxda/yCvOtLg1wG18vH11Xp4V61LtG3epe
SXAGYIcADcBObd9A9YnspD6RnXQmL0s/n/xD35/Yqk2p+wjT8EgXQnP3utfolnqEZgAlI0ADKFFt
30D1jbxOfSOvkySdyPmvTuemK+XcGaXkntGp3HRl5xe/YoGJOv5BTtkPPMvd9W9w6kWEAT7+CvcP
Vh3/2grzr60w/2DV9b/EafsH4PkI0ACM1KtxierVIGzAfe5hrWUAlQyLuQIAAAAGCNAAAACAAQI0
AAAAYIAADQAAABggQAMAAAAGCNAAAACAAQI0AAAAYIAADQAAABggQAMAAAAGCNAAAACAAQI0AAAA
YIAADQAAABggQAMAAAAGCNAAAACAAQI0AAAAYIAADQAAABggQAMAAAAGCNAAAACAAQI0AAAAYIAA
DQAAABggQAMAAAAGCNAAAACAAQI0AAAAYIAADQAAABggQAMAAAAGCNAAAACAAQI0AAAAYIAADQAA
ABggQAMAAAAGCNAAAACAAQI0AAAAYIAADQAAABggQAMAAAAGCNAAAACAAQI0AAAAYIAADQAAABgg
QAMAAAAGCNAAAACAAQI0AAAAYIAADQAAABggQAMAAAAGCNAAAACAAQI0AAAAYIAADQAAABggQAMA
AAAGCNAAAACAAQI0AAAAYIAADQAAABggQAMAAAAGCNAAAACAAQI0AAAAYIAADQAAABggQAMAAAAG
CNAAAACAAQI0AAAAYIAADQAAABggQAMAAAAGCNAAAACAAQI0AAAAYIAADQAAABggQAMAAAAGCNAA
AACAAQI0AAAAYIAADQAAABggQAMAAAAGCNAAAACAAV+rCwCAorysLgCVTqHVBQBAEQRoAJUMYQkA
ULkxhQMAAAAwQIAGAAAADBCgAQAAAAMEaAAAAMAAARoAAAAwQIAGAAAADBCgAQAAAAMEaAAAAMAA
ARoAAAAwQIAGAAAADBCgAQAAAAMEaAAAAMAAARoAAAAwQIAGAAAADBCgAQAAAAMEaAAAAMAAARoA
AAAwQIAGAAAADBCgAQAAAAMEaAAAAMAAARoAAAAwQIAGAAAADBCgAQAAAAMEaAAAAMAAARoAAAAw
QIAGAAAADBCgAQAAAAMEaAAAAMAAARoAAAAwQIAGAAAADBCgAQAAAAMEaJRZbkGu1SUAAOAS5wrO
WV0CqhACNIp1iV+wXVvi2WMWVAIAgOscOXvUri3EL8SCSlBVEKBRrGC/S+zaDqTHW1AJAACu4+iz
LcTBZyBwAQEaxbo8qKld26L4r5VfmG9BNQAAOF9+Yb4WH/jarr1Z7cstRDE2jgAAIABJREFUqAZV
BQEaxbourKNdW3x6vGbvm2dBNQAAON9ne2cr/kyCXXsnB5+BwAUEaBTr6pB2qlejnl37oviv9d7u
D7moEABQZeUW5GrWrvf1dcISu231atTTlSFtLagKVYVXWlpaodVFoPL69eRavRM3y+G2yJoR6h/1
NzW7pKlaXNLczZUBAGBub9o+7U+P19cJ3yopM9nhY8Y1H6su4de7uTJUJQRolKhQhXpv/4dafWKN
1aUAAOBy3erdrEeajbK6DFRyvlYXgMrNS156pNko+Xn7aVXyD1aXAwCAy/SIuF0jmj5odRmoAhiB
RpmtSPpO/06YowIVWF0KAABO4y1vDYsaojsje1hdCqoIAjSMHMlM1JeHF2hTyharSwEAoMKuC+uk
v192jxoE1re6FFQhBGiUy/Hs4/rPyd/0R9oOncg5qZTcFKtLAgCgVGH+dVS3Rl1dHdpON9a9QXVr
hFtdEqogAjQAAABggHWgAQAAAAMEaAAAAMAAARoAAAAwQIAGAAAADBCgAQAAAAMEaAAAAMAAARoA
AAAwQIAGAAAADBCgAQAAAAMEaAAAAMAAARoAAAAwQIAGAAAADBCgAQAAAAMEaAAAAMAAARoAAAAw
QIAGAAAADBCgAQAAAAMEaAAAAMAAARoAAAAwQIAGAAD/j737jrPzKuz8/51yZ0aj3rtkuci2sOUq
YwymGNe4YfASUiDJsskvm0AaSdhkCWkLm7K/kGxCAgnsUkILNWAHXMBgG3C3JVfJsiyrWbIkq4xG
mtGUu3/IM4yKbR1Z0p3RvN+v17w0unOf+5x5WZY+98x5zgMUENAAAFBAQAMAQAEBDQAABQQ0AAAU
ENAAAFBAQAMAQAEBDQAABQQ0AAAUENAAAFBAQAMAQAEBDQAABQQ0AAAUENAAAFBAQAMAQAEBDQAA
BQQ0AAAUENAAAFBAQAMAQAEBDQAABQQ0AAAUENAAAFBAQAMAQAEBDQAABQQ0AAAUENAAAFBAQAMA
QAEBDQAABQQ0AAAUENAAAFBAQAMAQAEBDQAABQQ0AAAUENAAAFBAQAMAQAEBDQAABQQ0AAAUENAA
AFBAQAMAQAEBDQAABQQ0AAAUENAAAFBAQAMAQAEBDQAABQQ0AAAUENAAAFBAQAMAQAEBDQAABQQ0
AAAUENAAAFBAQAMAQAEBDQAABQQ0AAAUENAAAFBAQAMAQAEBDQAABQQ0AAAUENAAAFBAQAMAQAEB
DQAABQQ0AAAUENAAAFBAQAMAQAEBDQAABQQ0AAAUENAAAFBAQAMAQAEBDQAABQQ0AAAUENAAAFBA
QAMAQAEBDQAABQQ0AAAUENAAAFBAQAMAQAEBDQAABQQ0AAAUENAAAFBAQAMAQAEBDQAABQQ0AAAU
ENAAAFBAQAMAQAEBDQAABQQ0AAAUENAAAFBAQAMAQAEBDQAABQQ0AAAUENAAAFBAQAMAQAEBDQAA
BQQ0AAAUENAAAFBAQAMAQAEBDQAABQQ0AAAUENAAAFBAQAMAQAEBDQAABQQ0AAAUENAAAFBAQAMA
QAEBDQAABQQ0AAAUENAAAFBAQAMAQAEBDQAABQQ0AAAUENAAAFBAQAMAQAEBDQAABQQ0AAAUENAA
AFBAQAMAQAEBDQAABQQ0AAAUENAAAFBAQAMAQAEBDQAABQQ0AAAUENAAAFBAQAMAQAEBDQAABQQ0
AAAUENAAAFBAQAMAQAEBDQAABQQ0AAAUENAAAFBAQAMAQAEBDQAABQQ0AAAUENAAAFBAQAMAQAEB
DQAABQQ0AAAUENAAAFBAQAMAQAEBDQAABQQ0AAAUENAAAFBAQAMAQAEBDQAABQQ0AAAUENAAAFBA
QAMAQAEBDQAABQQ0AAAUENAAAFBAQAMAQAEBDQAABQQ0AAAUENAAAFBAQAMAQAEBDQAABQQ0AAAU
ENAAAFBAQAMAQAEBDQAABQQ0AAAUENAAAFBAQAMAQAEBDQAABQQ0AAAUENAAAFBAQAMAQAEBDQAA
BQQ0AAAUENAAAFBAQAMAQAEBDQAABQQ0AAAUENAAAFBAQAMAQAEBDQAABQQ0AAAUENAAAFBAQAMA
QAEBDQAABQQ0AAAUENAAAFBAQAMAQAEBDQAABQQ0AAAUENAAAFBAQAMAQAEBDQAABQQ0AAAUENAA
AFBAQAMAQAEBDQAABQQ0AAAUENAAAFBAQAMAQAEBDQAABQQ0AAAUENAAAFBAQAMAQAEBDQAABQQ0
AAAUENAAAFBAQAMAQAEBDQAABQQ0AAAUENAAAFBAQAMAQAEBDQAABQQ0AAAUENAAAFBAQAMAQAEB
DQAABQQ0AAAUENAAAFBAQAMAQAEBDQAABQQ0AAAUENAAAFBAQAMAQAEBDQAABQQ0AAAUENAAAFBA
QAMAQAEBDQAABQQ0AAAUENAAAFBAQAMAQAEBDQAABQQ0AAAUENAAAFBAQAMAQAEBDQAABQQ0AAAU
ENAAAFBAQAMAQAEBDQAABQQ0AAAUENAAAFBAQAMAQAEBDQAABQQ0AAAUENAAAFBAQAMAQAEBDQAA
BQQ0AAAUENAAAFBAQAMAQAEBDQAABQQ0AAAUENAAAFBAQAMAQAEBDQAABQQ0AAAUENAAAFBAQAMA
QAEBDQAABQQ0AAAUENAAAFBAQAMAQAEBDQAABQQ0AAAUENAAAFBAQAMAQAEBDQAABQQ0AAAUENAA
AFBAQAMAQAEBDQAABQQ0AAAUENAAAFBAQAMAQAEBDQAABQQ0AAAUENAAAFBAQAMAQAEBDQAABQQ0
AAAUENAAAFBAQAMAQAEBDQAABQQ0AAAUENAAAFBAQAMAQAEBDQAABQQ0AAAUENAAAFBAQAMAQAEB
DQAABQQ0AAAUENAAAFBAQAMAQAEBDQAABQQ0AAAUENAAAFBAQAMAQAEBDQAABQQ0AAAUENAAAFBA
QAMAQAEBDQAABQQ0AAAUENAAAFBAQAMAQAEBDQAABQQ0AAAUENAAAFBAQAMAQAEBDQAABQQ0AAAU
ENAAAFBAQAMAQAEBDQAABQQ0AAAUENAAAFBAQAMAQAEBDQAABQQ0AAAUENAAAFBAQAMAQAEBDQAA
BQQ0AAAUENAAAFBAQAMAQAEBDQAABQQ0AAAUENAAAFBAQAMAQAEBDQAABQQ0AAAUENAAAFBAQAMA
QAEBDQAABQQ0AAAUENAAAFBAQAMAQAEBDQAABQQ0AAAUENAAAFBAQAMAQAEBDQAABQQ0AAAUENAA
AFBAQAMAQAEBDQAABQQ0AAAUENAAAFBAQAMAQAEBDQAABQQ0AAAUENAAAFBAQAMAQAEBDQAABQQ0
AAAUENAAAFBAQAMAQAEBDQAABQQ0AAAUENAAAFBAQAMAQAEBDQAABQQ0AAAUENAAAFBAQAMAQAEB
DQAABQQ0AAAUENAAAFBAQAMAQAEBDQAABQQ0AAAUENAAAFBAQAMAQAEBDQAABQQ0AAAUENAAAFBA
QAMAQAEBDQAABQQ0AAAUENAAAFBAQAMAQAEBDQAABQQ0AAAUENAAAFBAQAMAQAEBDQAABQQ0AAAU
ENAAAFBAQAMAQAEBDQAABQQ0AAAUENAAAFBAQAMAQAEBDQAABQQ0AAAUENAAAFBAQAMAQAEBDQAA
BQQ0AAAUENAAAFBAQAMAQAEBDQAABQQ0AAAUENAAAFBAQAMAQAEBDQAABQQ0AAAUENAAAFBAQAMA
QAEBDQAABQQ0AAAUENAAAFBAQAMAQAEBDQAABQQ0AAAUENAAAFBAQAMAQAEBDQAABQQ0AAAUENAA
AFBAQAMAQAEBDQAABQQ0AAAUENAAAFBAQAMAQAEBDQAABQQ0AAAUENAAAFBAQAMAQAEBDQAABQQ0
AAAUENAAAFBAQAMAQAEBDQAABQQ0AAAUENAAAFBAQAMAQAEBDQAABQQ0AAAUENAAAFBAQAMAQAEB
DQAABQQ0AAAUENAAAFBAQAMAQAEBDQAABQQ0AAAUENAAAFBAQAMAQAEBDQAABQQ0AAAUENAAAFBA
QAMAQAEBDQAABQQ0AAAUENAAAFBAQAMAQAEBDQAABQQ0AAAUENAAAFBAQAMAQAEBDQAABQQ0AAAU
ENAAAFBAQAMAQAEBDQAABQQ0AAAUENAAAFBAQAMAQAEBDQAABQQ0AAAUENAAAFBAQAMAQAEBDQAA
BQQ0AAAUENAAAFBAQAMAQAEBDQAABQQ0AAAUENAAAFBAQAMAQAEBDQAABQQ0AAAUENAAAFBAQAMA
QAEBDQAABQQ0AAAUENAAAFBAQAMAQAEBDQAABQQ0AAAUENAAAFBAQAMAQAEBDQAABQQ0AAAUENAA
AFBAQAMAQAEBDQAABQQ0AAAUENAAAFBAQAMAQAEBDQAABQQ0AAAUENAAAFBAQAMAQAEBDQAABQQ0
AAAUENAAAFBAQAMAQAEBDQAABQQ0AAAUENAAAFBAQAMAQAEBDQAABQQ0AAAUENAAAFBAQAMAQAEB
DQAABQQ0AAAUENAAAFBAQAMAQAEBDQAABQQ0AAAUENAAAFBAQAMAQAEBDQAABQQ0AAAUENAAAFBA
QAMAQAEBDQAABQQ0AAAUENAAAFBAQAMAQAEBDQAABQQ0AAAUENAAAFBAQAMAQAEBDQAABQQ0AAAU
ENAAAFBAQAMAQAEBDQAABQQ0AAAUENAAAFBAQAMAQAEBDQAABQQ0AAAUENAAAFBAQAMAQAEBDQAA
BQQ0AAAUENAAAFBAQAMAQAEBDQAABQQ0AAAUENAAAFBAQAMAQAEBDQAABQQ0AAAUENAAAFBAQAMA
QAEBDQAABQQ0AAAUENAAAFBAQAMAQAEBDQAABQQ0AAAUENAAAFBAQAMAQAEBDQAABQQ0AAAUENAA
AFBAQAMAQAEBDQAABQQ0AAAUENAAAFBAQAMAQAEBDQAABQQ0AAAUENAAAFBAQAMAQAEBDQAABQQ0
AAAUENAAAFBAQAMAQIHGvk+q1WotxwEAAINaXV1dkqRROAMAwMvr62ZLOAAAoICABgCAAgIaAAAK
CGgAACjgIkIAAChgBhoAAAo07vuAGWkAAPiJvv2f+1jCAQAAL2HfXraEAwAACuy1hMNsNAAA7G/g
Mg5LOAAA4GUMbGYz0AAA8DL2moFOhDMAALyUvl6uq6s78BIOQQ0AAPtvYVetVn+yhEM0AwDA3gY2
cl9MNyZJpVJJa2trKpVKbUYGAACDWFdXV3bu3Jmurq7UNzY2ZuzYseIZAABeRKVSydixY9PY2Ji6
3bt3V8UzAAC8vK6urtRVLX4GAICD5lbeAABQQEADAEABAQ0AAAUENAAAFBDQAABQQEADAEABAQ0A
AAUENAAAFBDQAABQQEADAEABAQ0AAAUENAAAFBDQAABQQEADAEABAQ0AAAUENAAAFBDQAABQoLHW
AwAAhq9qtVrrIXCQ6urqaj2EQUNAAwBHVLVaPeAHQ1NdXd0BP4YTAQ0AHHa9vb39Hxt3rMyz25/I
xvYV2bJzTdo6N2ZX19bs7tmV3mpPrYfKQaqva0hTw4iMqIzL6ObJGd86K5NHHp/pY07J5FHHpb6+
vv/jWFdX9RYQADgMqtVqent709PTk5XP35/lm36Up5+/L22dz9V6aBxho5un5Ljx5+Skya/NcRPO
SUNDQ+rr64/ZmWkBDQC8In3h3LF7Zx5c+808uv7mbNm1ptbDokbGj5iVV029NGfNuiYtTa3HZEgL
aADgkPX29qa7uzt3P/PF3L/mq+no3lHrITFINDeOyjkz35ZXz/3pVCqVY2pph4AGAIpVq9V0d3dn
6YY78sOVnzbjzIsaP2JWXnvcL2T+lNelUqkcE7PRAhoAKNI363zL0v+dh9d/u9bDYYg4fdoVuXj+
e4+J2WgBDQActJ6enqzf9lRuXvo32bDjyVoPhyFmyqgTc8lJv53p405MY+PQ3QxOQAMMcjt27MjS
pUuTJLNmzcrUqVNrPCKGq56enix/7p58+4m/sNaZQ9bcOCpXnPz+nDjlvCEb0UN7/hxgGLj11ltz
7rnn5txzz80TTzxR6+EwTPX09OSJ9Xfm6498QDzzinR278g3Hv2jLF1/Z7q7u/e7qc7u3bvT0dFR
o9EdHAENMMjddddd/Z+feeaZNRwJw1XfzPO3HvuzWg+FY8i3Hv/zLFt/V3p6evrvTrlhw4bcc889
WbZs2aC+W+XQnDcHGEZuvvnmJMmll16asWPH1ng0DDe9vb15duvy/McTf1HroXAM+o/H/yI9u/57
jpt2WlauXJmNGzcmSSqVSnp6egbtEo/BOSpekV1dbfnesn/Kq+f+dCaNmnvYXnd7x3N5bP338uz2
pdm+67ns7tmZarU3lYaWVBpaMqZlSiaOnJ0548/KrPGnpS57b1NzpMYFx7K1a9fmwQcfTJK86U1v
qvFoGG6q1Wq6urpy87KPpNOyDY6A7uzK91b8feYvf2cqlUqam5tz8sknZ8qUKbUe2ksS0MeYx9Z/
N99d+k9p370lXT2decvCPzosr3vHU5/Kj5/+Qnqr3f2P1dXVp6GuMd29XUkG/pjl0xnZNCFnz746
5819eyoNLUdsXHCse+CBB/o/f/WrX13DkTAcdXV15dZlf5/n7LZRM1NGn5AF0y7K1NEnZGTzxFQa
WlKf+nT37k5XT2d2dG7O1l3rsmrLkizf+OO9/p1OkrEjpuWi+b+a+1Z9Lau3LKnRd/HSdtVvyOrq
zZnbc3kWLVqU5ubmWg/pZQnoY0Rbx8bc9PjfZvmmu5LU5cxZV+XN8//rYXntJzb8ID9c8dk0NbRm
0dyfyfETz8vEUXPS0jgqSVJNNTs7t2TzztVZs/WRrNh0T9ZsfTR3PPXp3PPMlzO6eUo2ta887OOC
4eDuu+/u/9z6Z46mnp6eLN1wh32ea+iSU96bs2Zdnfq6hv7HqtXe9FZ70lDfmKQuyUlJknPnvDW7
urbl0We/mx8//fm0796Sc+e8Na89/p0ZURmTSn3zoA3oJHm+YUlGdc1NZ+f5Apqj44HV/54fLP9k
OrvbM6ZlSq5Y8DuZN3HRYXv9Z7fv2T5r3sRzc+EJv7jf1+tSl5HNEzKyeULmjD8jF8z7uazb9ng+
c8970tm9M53dK9PU0JrrzvjgYR0XDAe33nprkuSiiy7K+PHjazwahou+uwz+6JlP13oow9bZs6/N
ObPfkq6ejjy47ltZufn+bGhbnu0dzyVJ6usaM751RiaPmpcZY0/NnPFnZNqYk3LunLdm4cwr0t75
fMa3zkxSzePrb8utSz9a22/oIKxvvDNr116aUaNGpb6+flDfsVBAD2Gb21fn24/9r6zZ+kiSupw2
/dJcesp709TYeljPM2vcabk7X8rS527PR267Oi2NY/r/UDfUVzKiMiZzJpyZ1xz3M6k0tGRz++p8
b9nH9nqN2eNPF89QaMOGDf0z0BdddFGNR8Nw0tPTk7tWfjFbdq2t9VCGrSmjT0iSrNn6SG554u/3
+3pvtTub21dlc/uqPLHhB0mSEyedn+vP+lCaGkakqXVmuno68p3HP5JHn731qI79UO2u25L71341
J5zw+6lUKkkyaCNaQA9Rj2/4fm585K/S3duZUc0Tc9mpv5WTJl9wRM510uQLcvmC38niNTdmc/vq
bOtYv99z1mx9JKuefyjnzLlur3GdOfPK3LniM1n5/P3ZuXtrWpvGHZExwrFo4Prn8847r4YjYTjp
7e3Nrs72PLDua7UeyrD27LbHc+bMKzNv4rn5nYtuSGd3e6rV3iRJb7UnHV1tWbft8dz51Kezs2tb
Zo07La874Rf2fo3tS4dMPPdZX/1xtu/YmvFjJ6ahoeHlD6gRAV1jn7771zJh5OxcfdofFB03Z9zC
NDWOyEnjX5PLTv2ttFRGH6ER7nHmzCtz5swrk+xZ81yt9uz5vFrN8zvX5N+X/HnWbH0k5855237j
WvrcHdm44+msfP7+LJj25iM6TqiVxYsX51/+5V/y+7//+5kzZ85hec2B65/POuuso35+hqeenp48
tPZbdt2oscVrv53WpvFZMO2ijBsxPaObJ+39hBHTM23M/MwYe2qWrPtO3jz/v6ahvpKdu7fm8fW3
5Zw512XWuFdlQuusPL9zTW2+iUPQU9eZHzz2r3nVpJ9KY2NjTjzxxEE5Cy2gj6Ce3q6s3vpwdnRs
SktldGaOe1VGVMbs9Zydu7dm446VOXvWtWmob0xvtWeviwVeyjWn/WFaKqOzddezya5nX3i0Lnvv
iFHq0I6fO+GsbGp/Juu3L801p/1hGuorWb314YxunpSRzROyccfTWbVlSSa0zk6STBo5N40Ng/8i
AThYv/d7v5dbbrkl1Wo1H/3o4Vlr+L3vfS9JcuGFF2bSpEkv+dwjcX6Gn761z49uuLnWQzmi3v2a
T2Trrmfz1YcG945QP3768/nx059PsmfNc2N9U5I9yxqmjj4xVyx4X6aNmZ/Fa7+d3T0dWff8A7n5
if+dbbvWZ96kRZnQOivHTzovz68aOgGdJKt2/jgjVpySpqamnHDCnqUsgy2iBfQR0NPblTtXfCYP
rP7mXu/g6+saM3/K63Lxyb+WUc0T+x/v7u3MZ+99b5JkRGVMdnVtP+RzT2idned3rq7Z8Xet/GLu
WvnFA37toTU35KE1NyRJfvHV/5RpY+Yf8nlgMFm3bl1uueWWJMnll19+WF5z06ZNueOOO5Ikb37z
S//k5kicn+GnWq2mp6cnK59/IFs7hu7a5+bGkTlh0qszqnliOrp3ZNXzi7N117q9njOiMiYTWmfl
pMkXpKe3K5XG1nR17zzkczbWN6W7d/dRP35D2/KMb52ZmWMX5LZlH0tPb1dOnPSabNm5Jrt2b0ta
Z2Xm2AV5fuKef9ef3b70FTXG0bK7fktGz+zK3PGnpVqtDrp4TgT0Ybe947l89aE/yoa25amrq8+s
cadlQuvs7O7ZldVbluSJDd/P6i1L8rYz/ywzxp6avHCzkTnjz0iloSV1dUnJnStXbLon1VRz/MRF
qaurT0vjqIxvnXHUjn8xnd3t2bl7W8a3zsimHc9kW8f6TBw5J+NGTE+SI77kBI6mUaNGZfTo0Wlr
a8tHP/rRjB07NmeffXZGjRp1yK/Zd/OU5OX3fz4S52d46unpyVObf1TrYRySlsrovOHE/5xXTbt4
r4vpe6s9Wbn5/tz25D9n446n+x9vqK/kbWf+eZKks3tnml/BBfjbOzZmTMvkmh1/2oxLctqMSw74
tVOnvSmnTttzE6Z/e+C/ZcXmew/5PEfTluoTOWfSJf23+E4G1yy0gD6MdnRuzufve1+27lqXyaPm
5erT/qD/KtpkzxWzP1rxudy54jP5zD3vyX8+/59TV1efJLn0lN8sujtftdqblc/fn6c27Vkjed0Z
f5JKQ8tRO77Edx77mzy09sacOu1Ned3x7zoi54BaGjNmTD760Y/m3e9+d2666abcdNNNqVQqeeMb
35jXvva1ecMb3pALLrggTU1NB/2a99xzT//nL7f++Uicn+GnWq2mt7c3z2y5v9ZDKTZl9Am59vQP
ZOLIOalWq1m//cls2/VsKg0tmT725Bw/6bxMH3tybnzkr164X8Ie67Y9ke7ezjTUNaZnnxuQvJQ5
4xcmqcvqLQ+nmt5093btN8t9JI9/MS2V0WlpHJ2tu9ZlQuusjGqemK27nu3f+m4ozD73Wb3twXR3
d6epqWlQzkIL6MOku6czX37wD7N117pMHX1i3nbmn2dMy963oayva8yp0y7KnSs+kyT5wv2/m6aG
EUXn2dy+Kvev/kaWbrg97bu3FI/zYI7v6unIkxt/lOfbV+93Re+e13gmtz/1qazesiSd3Tsysml8
jptwbl4z72de2HMShp93vvOdOf/88/OlL30pX/va1/Lggw/mlltu6V9aceaZZ+bv/u7v8vrXv/6g
Xq9v/fP555+fqVOnHvXzM7z0zfI9t31F2nZvrPVwikweNS/Xn/k/MqZlSrbsXJPvPP53eeb5n+xg
09TQmjec+J9zzpzrcv1ZH8oX7v+99L5wIfxtT3686OYijfVNOXnq6zNn/BlJkq8v/uPs7Np21I4v
ce3CP8qpU9+Y5Rt/PCT2gN7Xjq5N2dj2dGY1nzLo4jkR0IfN5p2r+989btm5Lv94x8+kuXFkXnf8
u7Jo7vVJkvXbn8yXH/zJbhu7urYf9LvBpzffm7tWfimrnn8o1Rcu8ps6+sRsaFt+2I/f3b0z33r4
w0mSM2ddtdd67baOjfnsvb+Zjq621Nc1ZmTTuLTv3pIl676dpc/dkesWfjDHTTznoMYEx5qTTjop
H/jAB/KBD3wg69aty+LFi3P77bfnk5/8ZB566KFcdtll+eEPf5izzz77JV9ny5Yt/QF98cUXH/Xz
Mzz19vbm2baltR5GkRGVMXnLwg9mTMuUbG5flW8+/KH9/l3b3bMzj2/4fs6Zc12S5Loz/jjdPZ1F
55k17rScNeuaHD9p0X6bARyu41srY7Ng+kUZP2Jmbln6D/t9ffa403PB8T+X6WNOSVPjiOzavT1r
tj6Su5/5t6zb9njxmIaC9TuWZsaE+YNyGYeAPkymjj4xbz/rL/OVh/57xo6YnqaGlqze+nC+t+xj
mTPhzHT17MpXHvqjdHS15ZSpb8w1p/9hvvnwh/PEhu+/5Ouu2HRPfrjis1m77bEkSXPjqCyY9qac
PfvaTB41L3/93cvS0/viP3Y6lONHNk/I1NEnZn3bk3l8/W39bwCS5JFnb01HV1tGN0/Ku877h4xu
mZyO7h25bdnHs3jtf+Sbj3w4/+U1n7TfM8PejBkzMmPGjFxxxRX5jd/4jVx33XW5++6785GPfCSf
/exnX/LYxYsX939+/vnnH/XzM/z0Ld/YtPPpl3/yIDJtzPyMfmHt8JiWKfml8z+e3T27ct+qr+X2
5f8nSTJv4qJcc/of9h/T0jgqaTy46wNeNf3inDP72r2uWdrcvioTRx7cVpElx49oGpuLT/71JMmD
a76VTe3P9H9t8qh5uf6sD6W5cWR6qz3Z1bU9I5rG5OSpr8+8iecQtEmfAAAcIElEQVTmO4//bR5b
/92DGtNQsnnnyvT09KSxsXHQLeMQ0IfRzHEL8p7X/1sa6vfcPef2p/5vfrTiX3PvM1/Jsud+mN09
O7NwxhW54lXvS13q8lML3veiAb25/Zl8d+k/9S/2H9U8MWfPvjbnznnrQS37eKXHz596Yda3PZnH
1n9vr4De3bPzhe/1tP6/tFoaR+WKBe/Llp1rs2rL4jyw5pvWOsMA06dPz3ve857cfffd+e53X/4f
uZL1z0fi/AwvfTN7vb292TrE7jz49Ob78q2HP5wrT3t/2jo2pqunM9PHnJwL5v1sVm1ZnKaGEbny
Ve9Pc2NrVmy6J19f8ie5buGf5PhJL31jotOmX5JFc6/P1NEnJtnzk9mnNt2dB9fekFXPP5Tfv/im
1Ne9eEIdyvGb21dlU/uqTBo5Nwumv7n/DUDf6zU3jkz77i354v2/l407ns6Ylim5aP6v5pSpb8gl
p7w367cvHVL7PR+MrR3r0tPTs9cM9GAhoA+zvnhOklFNE5Ikjzy7Zw3iuXPe2v/uMkmaGlszqnli
dnRu3u91vvTA+7O9Y2OaGlpz3tzr85p5P7vXa7+cV3r8whmX586nPpNnty/N+u1PZtqYk5Ikk0cd
l5bK6AP+COqsWVdn1ZbFeXrTvQIa9tHYuOev29bWl7/S/7bbbkuSnHvuuZkx45XvilN6foafvhno
HUNs/XOSPLnxR/nYnT+fjq62JMmlp/xGzp59bc6ZfW2Om3BOKg0tWbrh9vz7wx9Kb7U7337s/8+v
v/5LB3yt2eNOzxtOendmjTs9yZ57NTzy7C2555l/y47O5192LK/0+BWb7smkkXNz0uQL9gropsY9
E18btj/Zv5PI9o7n8o0lf5Z3nffRzBh7Ss6efe2QXOv8Utq7Nqe3t7c/ngfTMo76Wg/gWNVb7c73
n/xE/+9fe/w794rnPg0v8g72lKlvTJJUGlrS1rkx67c/WXT+V3r8qOaJmT/ltUnSv4l7kpw67aL8
1hu/kctO/c39jpk06rgkOeAbAhjOOjo68qlPfSpJcs0117zkc7dv394/S3zppZce9fMzfPX29g6p
XRoG6ovnJP0XyJ80+bWpNLTk4XU35+tL/jS9L+yy0da5KTt3bz3g67xl4Qcza9zp6erpyP2rvp5/
/tEv5nvLPnZQ8Xs4jn943U3prfZk8qh5mTdxUf/jm9tXp7O7PR0HuDvkoy9M0s0ev/CgzjGUdHRv
H7Qz0AL6CLlv1dezu2dn6lKXi+b/ai484ReLjj979rWZOHJOdu7eksVrv53P3vve/Ou9v5k1Wx85
[...]
<arg>${Buy_Second_Product}</arg>
<doc>Click element identified by `locator`.</doc>
<status status="PASS" start="2025-06-03T10:21:46.081835" elapsed="0.685770"/>
</kw>
<status status="PASS" start="2025-06-03T10:21:44.283557" elapsed="2.484198"/>
</kw>
<kw name="Click on Add to Cart" owner="Full_Cycle_StepDefinations">
<kw name="Wait Until Element Is Visible" owner="AppiumLibrary">
<msg time="2025-06-03T10:21:48.672812" level="INFO">xpath criteria: //android.widget.Button[@resource-id="asia.ifarmer.retailer:id/btAddToCart"]
xpath criteria: //android.widget.Button[@resource-id="asia.ifarmer.retailer:id/btAddToCart"]</msg>
<arg>${Add_To_Cart}</arg>
<doc>Waits until element specified with `locator` is visible.</doc>
<status status="PASS" start="2025-06-03T10:21:46.769360" elapsed="1.903558"/>
</kw>
<kw name="Click Element" owner="AppiumLibrary">
<msg time="2025-06-03T10:21:48.674671" level="INFO">Clicking element 'xpath=//android.widget.Button[@resource-id="asia.ifarmer.retailer:id/btAddToCart"]'.</msg>
<msg time="2025-06-03T10:21:49.302168" level="INFO">xpath criteria: //android.widget.Button[@resource-id="asia.ifarmer.retailer:id/btAddToCart"]</msg>
<arg>${Add_To_Cart}</arg>
<doc>Click element identified by `locator`.</doc>
<status status="PASS" start="2025-06-03T10:21:48.673164" elapsed="0.629174"/>
</kw>
<status status="PASS" start="2025-06-03T10:21:46.768697" elapsed="2.533789"/>
</kw>
<kw name="Click on Proceed" owner="Full_Cycle_StepDefinations">
<kw name="Wait Until Element Is Visible" owner="AppiumLibrary">
<msg time="2025-06-03T10:21:50.121852" level="INFO">xpath criteria: //android.widget.Button[@resource-id="asia.ifarmer.retailer:id/btProceed"]</msg>
<arg>${Proceed}</arg>
<doc>Waits until element specified with `locator` is visible.</doc>
<status status="PASS" start="2025-06-03T10:21:49.304159" elapsed="0.817831"/>
</kw>
<kw name="Click Element" owner="AppiumLibrary">
<msg time="2025-06-03T10:21:50.125635" level="INFO">Clicking element 'xpath=//android.widget.Button[@resource-id="asia.ifarmer.retailer:id/btProceed"]'.</msg>
<msg time="2025-06-03T10:21:52.176475" level="INFO">xpath criteria: //android.widget.Button[@resource-id="asia.ifarmer.retailer:id/btProceed"]</msg>
<arg>${Proceed}</arg>
<doc>Click element identified by `locator`.</doc>
<status status="PASS" start="2025-06-03T10:21:50.122244" elapsed="2.054419"/>
</kw>
<kw name="Sleep" owner="BuiltIn">
<msg time="2025-06-03T10:21:57.177677" level="INFO">Slept 5 seconds.</msg>
<arg>5s</arg>
<doc>Pauses the test executed for the given time.</doc>
<status status="PASS" start="2025-06-03T10:21:52.176922" elapsed="5.000973"/>
</kw>
<status status="PASS" start="2025-06-03T10:21:49.303465" elapsed="7.874553"/>
</kw>
<kw name="Click on My Shop Name input Shop Name" owner="Full_Cycle_StepDefinations">
<kw name="Wait Until Element Is Visible" owner="AppiumLibrary">
<msg time="2025-06-03T10:21:58.014037" level="INFO">xpath criteria: //android.widget.EditText[@resource-id="asia.ifarmer.retailer:id/etShopName"]</msg>
<arg>${Shop_Name}</arg>
<doc>Waits until element specified with `locator` is visible.</doc>
<status status="PASS" start="2025-06-03T10:21:57.179201" elapsed="0.834941"/>
</kw>
<kw name="Input Text" owner="AppiumLibrary">
<msg time="2025-06-03T10:21:58.015994" level="INFO">Typing text 'Test 1 Enterprise' into text field 'xpath=//android.widget.EditText[@resource-id="asia.ifarmer.retailer:id/etShopName"]'</msg>
<msg time="2025-06-03T10:21:58.792269" level="INFO">xpath criteria: //android.widget.EditText[@resource-id="asia.ifarmer.retailer:id/etShopName"]</msg>
<arg>${Shop_Name}</arg>
<arg>${Input_Shop_Name}</arg>
<doc>Types the given `text` into text field identified by `locator`.</doc>
<status status="PASS" start="2025-06-03T10:21:58.014299" elapsed="0.778146"/>
</kw>
<status status="PASS" start="2025-06-03T10:21:57.178841" elapsed="1.613732"/>
</kw>
<kw name="Click on My Shop Address input Shop Address" owner="Full_Cycle_StepDefinations">
<kw name="Wait Until Element Is Visible" owner="AppiumLibrary">
<msg time="2025-06-03T10:21:59.563046" level="INFO">xpath criteria: //android.widget.EditText[@resource-id="asia.ifarmer.retailer:id/etShopAddress"]</msg>
<arg>${Shop_Address}</arg>
<doc>Waits until element specified with `locator` is visible.</doc>
<status status="PASS" start="2025-06-03T10:21:58.794021" elapsed="0.769097"/>
</kw>
<kw name="Input Text" owner="AppiumLibrary">
<msg time="2025-06-03T10:21:59.564969" level="INFO">Typing text 'Test 1' into text field 'xpath=//android.widget.EditText[@resource-id="asia.ifarmer.retailer:id/etShopAddress"]'</msg>
<msg time="2025-06-03T10:22:00.812116" level="INFO">xpath criteria: //android.widget.EditText[@resource-id="asia.ifarmer.retailer:id/etShopAddress"]</msg>
<arg>${Shop_Address}</arg>
<arg>${Input_Shop_Address}</arg>
<doc>Types the given `text` into text field identified by `locator`.</doc>
<status status="PASS" start="2025-06-03T10:21:59.563248" elapsed="1.248986"/>
</kw>
<status status="PASS" start="2025-06-03T10:21:58.793433" elapsed="2.018911"/>
</kw>
<kw name="Click on Delivery Area" owner="Full_Cycle_StepDefinations">
<kw name="Wait Until Element Is Visible" owner="AppiumLibrary">
<msg time="2025-06-03T10:22:01.547184" level="INFO">xpath criteria: //android.widget.TextView[@resource-id="asia.ifarmer.retailer:id/tvAddress"]</msg>
<arg>${Delivery_Area}</arg>
<doc>Waits until element specified with `locator` is visible.</doc>
<status status="PASS" start="2025-06-03T10:22:00.813310" elapsed="0.734003"/>
</kw>
<kw name="Click Element" owner="AppiumLibrary">
<msg time="2025-06-03T10:22:01.550242" level="INFO">Clicking element 'xpath=//android.widget.TextView[@resource-id="asia.ifarmer.retailer:id/tvAddress"]'.</msg>
<msg time="2025-06-03T10:22:02.616024" level="INFO">xpath criteria: //android.widget.TextView[@resource-id="asia.ifarmer.retailer:id/tvAddress"]</msg>
<arg>${Delivery_Area}</arg>
<doc>Click element identified by `locator`.</doc>
<status status="PASS" start="2025-06-03T10:22:01.547539" elapsed="1.068634"/>
</kw>
<status status="PASS" start="2025-06-03T10:22:00.812978" elapsed="1.803302"/>
</kw>
<kw name="Click on a Specific Area" owner="Full_Cycle_StepDefinations">
<kw name="Wait Until Element Is Visible" owner="AppiumLibrary">
<msg time="2025-06-03T10:22:03.036783" level="INFO">xpath criteria: (//android.widget.ImageView[@resource-id="asia.ifarmer.retailer:id/ivStatus"])[2]</msg>
<arg>${Specific_Area}</arg>
<doc>Waits until element specified with `locator` is visible.</doc>
<status status="PASS" start="2025-06-03T10:22:02.617602" elapsed="0.419274"/>
</kw>
<kw name="Click Element" owner="AppiumLibrary">
<msg time="2025-06-03T10:22:03.038392" level="INFO">Clicking element 'xpath=(//android.widget.ImageView[@resource-id="asia.ifarmer.retailer:id/ivStatus"])[2]'.</msg>
<msg time="2025-06-03T10:22:04.453220" level="INFO">xpath criteria: (//android.widget.ImageView[@resource-id="asia.ifarmer.retailer:id/ivStatus"])[2]</msg>
<arg>${Specific_Area}</arg>
<doc>Click element identified by `locator`.</doc>
<status status="PASS" start="2025-06-03T10:22:03.037021" elapsed="1.416264"/>
</kw>
<status status="PASS" start="2025-06-03T10:22:02.617201" elapsed="1.836138"/>
</kw>
<kw name="Click on Confirm" owner="Full_Cycle_StepDefinations">
<kw name="Wait Until Element Is Visible" owner="AppiumLibrary">
<msg time="2025-06-03T10:22:04.728769" level="INFO">xpath criteria: //android.widget.Button[@resource-id="asia.ifarmer.retailer:id/btConfirm"]</msg>
<arg>${Confirm}</arg>
<doc>Waits until element specified with `locator` is visible.</doc>
<status status="PASS" start="2025-06-03T10:22:04.454592" elapsed="0.274354"/>
</kw>
<kw name="Click Element" owner="AppiumLibrary">
<msg time="2025-06-03T10:22:04.732465" level="INFO">Clicking element 'xpath=//android.widget.Button[@resource-id="asia.ifarmer.retailer:id/btConfirm"]'.</msg>
<msg time="2025-06-03T10:22:05.044428" level="INFO">xpath criteria: //android.widget.Button[@resource-id="asia.ifarmer.retailer:id/btConfirm"]</msg>
<arg>${Confirm}</arg>
<doc>Click element identified by `locator`.</doc>
<status status="PASS" start="2025-06-03T10:22:04.729186" elapsed="0.315342"/>
</kw>
<status status="PASS" start="2025-06-03T10:22:04.454392" elapsed="0.590234"/>
</kw>
<kw name="Click on Created Area" owner="Full_Cycle_StepDefinations">
<kw name="Wait Until Element Is Visible" owner="AppiumLibrary">
<msg time="2025-06-03T10:22:06.319748" level="INFO">xpath criteria: (//android.widget.ImageView[@resource-id="asia.ifarmer.retailer:id/ivStatus"])[1]</msg>
<arg>${Created_Area}</arg>
<doc>Waits until element specified with `locator` is visible.</doc>
<status status="PASS" start="2025-06-03T10:22:05.045580" elapsed="1.274275"/>
</kw>
<kw name="Click Element" owner="AppiumLibrary">
<msg time="2025-06-03T10:22:06.322499" level="INFO">Clicking element 'xpath=(//android.widget.ImageView[@resource-id="asia.ifarmer.retailer:id/ivStatus"])[1]'.</msg>
<msg time="2025-06-03T10:22:08.139459" level="INFO">xpath criteria: (//android.widget.ImageView[@resource-id="asia.ifarmer.retailer:id/ivStatus"])[1]</msg>
<arg>${Created_Area}</arg>
<doc>Click element identified by `locator`.</doc>
<status status="PASS" start="2025-06-03T10:22:06.320052" elapsed="1.819551"/>
</kw>
<status status="PASS" start="2025-06-03T10:22:05.045286" elapsed="3.094447"/>
</kw>
<kw name="Click on Proceed" owner="Full_Cycle_StepDefinations">
<kw name="Wait Until Element Is Visible" owner="AppiumLibrary">
<msg time="2025-06-03T10:22:08.555473" level="INFO">xpath criteria: //android.widget.Button[@resource-id="asia.ifarmer.retailer:id/btProceed"]</msg>
<arg>${Proceed}</arg>
<doc>Waits until element specified with `locator` is visible.</doc>
<status status="PASS" start="2025-06-03T10:22:08.141113" elapsed="0.414479"/>
</kw>
<kw name="Click Element" owner="AppiumLibrary">
<msg time="2025-06-03T10:22:08.558701" level="INFO">Clicking element 'xpath=//android.widget.Button[@resource-id="asia.ifarmer.retailer:id/btProceed"]'.</msg>
<msg time="2025-06-03T10:22:08.955965" level="INFO">xpath criteria: //android.widget.Button[@resource-id="asia.ifarmer.retailer:id/btProceed"]</msg>
<arg>${Proceed}</arg>
<doc>Click element identified by `locator`.</doc>
<status status="PASS" start="2025-06-03T10:22:08.555772" elapsed="0.400311"/>
</kw>
<kw name="Sleep" owner="BuiltIn">
<msg time="2025-06-03T10:22:13.957208" level="INFO">Slept 5 seconds.</msg>
<arg>5s</arg>
<doc>Pauses the test executed for the given time.</doc>
<status status="PASS" start="2025-06-03T10:22:08.956332" elapsed="5.001081"/>
</kw>
<status status="PASS" start="2025-06-03T10:22:08.140592" elapsed="5.816974"/>
</kw>
<kw name="Click on Order Confirm" owner="Full_Cycle_StepDefinations">
<kw name="Wait Until Element Is Visible" owner="AppiumLibrary">
<msg time="2025-06-03T10:22:14.182930" level="INFO">xpath criteria: //android.widget.Button[@resource-id="asia.ifarmer.retailer:id/btPayment"]</msg>
<arg>${Order_Confirm}</arg>
<doc>Waits until element specified with `locator` is visible.</doc>
<status status="PASS" start="2025-06-03T10:22:13.959167" elapsed="0.223831"/>
</kw>
<kw name="Click Element" owner="AppiumLibrary">
<msg time="2025-06-03T10:22:14.184514" level="INFO">Clicking element 'xpath=//android.widget.Button[@resource-id="asia.ifarmer.retailer:id/btPayment"]'.</msg>
<msg time="2025-06-03T10:22:14.397117" level="INFO">xpath criteria: //android.widget.Button[@resource-id="asia.ifarmer.retailer:id/btPayment"]</msg>
<arg>${Order_Confirm}</arg>
<doc>Click element identified by `locator`.</doc>
<status status="PASS" start="2025-06-03T10:22:14.183117" elapsed="0.214079"/>
</kw>
<status status="PASS" start="2025-06-03T10:22:13.958622" elapsed="0.438651"/>
</kw>
<kw name="Click on See Cash Order" owner="Full_Cycle_StepDefinations">
<kw name="Wait Until Element Is Visible" owner="AppiumLibrary">
<msg time="2025-06-03T10:22:15.920841" level="INFO">xpath criteria: //android.widget.Button[@resource-id="asia.ifarmer.retailer:id/btCashOrder"]
xpath criteria: //android.widget.Button[@resource-id="asia.ifarmer.retailer:id/btCashOrder"]</msg>
<arg>${See_Cash_Order}</arg>
<doc>Waits until element specified with `locator` is visible.</doc>
<status status="PASS" start="2025-06-03T10:22:14.398385" elapsed="1.522577"/>
</kw>
<kw name="Click Element" owner="AppiumLibrary">
<msg time="2025-06-03T10:22:15.924089" level="INFO">Clicking element 'xpath=//android.widget.Button[@resource-id="asia.ifarmer.retailer:id/btCashOrder"]'.</msg>
<msg time="2025-06-03T10:22:16.162045" level="INFO">xpath criteria: //android.widget.Button[@resource-id="asia.ifarmer.retailer:id/btCashOrder"]</msg>
<arg>${See_Cash_Order}</arg>
<doc>Click element identified by `locator`.</doc>
<status status="PASS" start="2025-06-03T10:22:15.921188" elapsed="0.240973"/>
</kw>
<status status="PASS" start="2025-06-03T10:22:14.398082" elapsed="1.764164"/>
</kw>
<kw name="Click on Confirm Payment" owner="Full_Cycle_StepDefinations">
<kw name="Wait Until Element Is Visible" owner="AppiumLibrary">
<msg time="2025-06-03T10:22:17.851762" level="INFO">xpath criteria: //android.widget.Button[@resource-id="asia.ifarmer.retailer:id/btConfirmPayment"]</msg>
<arg>${Confirm_Payment}</arg>
<doc>Waits until element specified with `locator` is visible.</doc>
<status status="PASS" start="2025-06-03T10:22:16.163573" elapsed="1.688276"/>
</kw>
<kw name="Click Element" owner="AppiumLibrary">
<msg time="2025-06-03T10:22:17.853579" level="INFO">Clicking element 'xpath=//android.widget.Button[@resource-id="asia.ifarmer.retailer:id/btConfirmPayment"]'.</msg>
<msg time="2025-06-03T10:22:18.259819" level="INFO">xpath criteria: //android.widget.Button[@resource-id="asia.ifarmer.retailer:id/btConfirmPayment"]</msg>
<arg>${Confirm_Payment}</arg>
<doc>Click element identified by `locator`.</doc>
<status status="PASS" start="2025-06-03T10:22:17.852017" elapsed="0.407860"/>
</kw>
<status status="PASS" start="2025-06-03T10:22:16.163026" elapsed="2.096904"/>
</kw>
<kw name="Click on Bkash Payment" owner="Full_Cycle_StepDefinations">
<kw name="Wait Until Element Is Visible" owner="AppiumLibrary">
<msg time="2025-06-03T10:22:19.290182" level="INFO">xpath criteria: //android.widget.Button[@resource-id="asia.ifarmer.retailer:id/btBkashPayment"]
xpath criteria: //android.widget.Button[@resource-id="asia.ifarmer.retailer:id/btBkashPayment"]</msg>
<arg>${Bkash_Payment}</arg>
<doc>Waits until element specified with `locator` is visible.</doc>
<status status="PASS" start="2025-06-03T10:22:18.260626" elapsed="1.029639"/>
</kw>
<kw name="Click Element" owner="AppiumLibrary">
<msg time="2025-06-03T10:22:19.293431" level="INFO">Clicking element 'xpath=//android.widget.Button[@resource-id="asia.ifarmer.retailer:id/btBkashPayment"]'.</msg>
<msg time="2025-06-03T10:22:19.526404" level="INFO">xpath criteria: //android.widget.Button[@resource-id="asia.ifarmer.retailer:id/btBkashPayment"]</msg>
<arg>${Bkash_Payment}</arg>
<doc>Click element identified by `locator`.</doc>
<status status="PASS" start="2025-06-03T10:22:19.290445" elapsed="0.236025"/>
</kw>
<status status="PASS" start="2025-06-03T10:22:18.260422" elapsed="1.266106"/>
</kw>
<kw name="Click on Payment" owner="Full_Cycle_StepDefinations">
<kw name="Wait Until Element Is Visible" owner="AppiumLibrary">
<msg time="2025-06-03T10:22:20.462824" level="INFO">xpath criteria: //android.widget.Button[@resource-id="asia.ifarmer.retailer:id/btPayment"]</msg>
<arg>${Payment}</arg>
<doc>Waits until element specified with `locator` is visible.</doc>
<status status="PASS" start="2025-06-03T10:22:19.527226" elapsed="0.935749"/>
</kw>
<kw name="Click Element" owner="AppiumLibrary">
<msg time="2025-06-03T10:22:20.466432" level="INFO">Clicking element 'xpath=//android.widget.Button[@resource-id="asia.ifarmer.retailer:id/btPayment"]'.</msg>
<msg time="2025-06-03T10:22:20.759098" level="INFO">xpath criteria: //android.widget.Button[@resource-id="asia.ifarmer.retailer:id/btPayment"]</msg>
<arg>${Payment}</arg>
<doc>Click element identified by `locator`.</doc>
<status status="PASS" start="2025-06-03T10:22:20.463224" elapsed="0.295946"/>
</kw>
<status status="PASS" start="2025-06-03T10:22:19.527022" elapsed="1.232211"/>
</kw>
<kw name="Click on Bkash Account input Bkash Number" owner="Full_Cycle_StepDefinations">
<kw name="Wait Until Element Is Visible" owner="AppiumLibrary">
<msg time="2025-06-03T10:22:25.230852" level="INFO">xpath criteria: //android.widget.EditText[@resource-id="WALLET"]
xpath criteria: //android.widget.EditText[@resource-id="WALLET"]
xpath criteria: //android.widget.EditText[@resource-id="WALLET"]</msg>
<arg>${Bkash_Account}</arg>
<doc>Waits until element specified with `locator` is visible.</doc>
<status status="PASS" start="2025-06-03T10:22:20.760050" elapsed="4.470984"/>
</kw>
<kw name="Input Text" owner="AppiumLibrary">
<msg time="2025-06-03T10:22:25.235025" level="INFO">Typing text '01619777282' into text field 'xpath=//android.widget.EditText[@resource-id="WALLET"]'</msg>
<msg time="2025-06-03T10:22:25.501619" level="INFO">xpath criteria: //android.widget.EditText[@resource-id="WALLET"]</msg>
<arg>${Bkash_Account}</arg>
<arg>${Input_Bkash_Account}</arg>
<doc>Types the given `text` into text field identified by `locator`.</doc>
<status status="PASS" start="2025-06-03T10:22:25.231326" elapsed="0.270362"/>
</kw>
<kw name="Sleep" owner="BuiltIn">
<msg time="2025-06-03T10:22:27.502410" level="INFO">Slept 2 seconds.</msg>
<arg>2s</arg>
<doc>Pauses the test executed for the given time.</doc>
<status status="PASS" start="2025-06-03T10:22:25.501822" elapsed="2.000929"/>
</kw>
<status status="PASS" start="2025-06-03T10:22:20.759829" elapsed="6.743185"/>
</kw>
<kw name="Click on Bkash Confirm" owner="Full_Cycle_StepDefinations">
<kw name="Wait Until Element Is Visible" owner="AppiumLibrary">
<msg time="2025-06-03T10:22:28.070005" level="INFO">xpath criteria: //android.widget.Button[@text="Confirm"]</msg>
<arg>${Bkash_Confirm}</arg>
<doc>Waits until element specified with `locator` is visible.</doc>
<status status="PASS" start="2025-06-03T10:22:27.505330" elapsed="0.564772"/>
</kw>
<kw name="Click Element" owner="AppiumLibrary">
<msg time="2025-06-03T10:22:28.073079" level="INFO">Clicking element 'xpath=//android.widget.Button[@text="Confirm"]'.</msg>
<msg time="2025-06-03T10:22:28.400696" level="INFO">xpath criteria: //android.widget.Button[@text="Confirm"]</msg>
<arg>${Bkash_Confirm}</arg>
<doc>Click element identified by `locator`.</doc>
<status status="PASS" start="2025-06-03T10:22:28.070286" elapsed="0.330517"/>
</kw>
<kw name="Sleep" owner="BuiltIn">
<msg time="2025-06-03T10:22:30.401934" level="INFO">Slept 2 seconds.</msg>
<arg>2s</arg>
<doc>Pauses the test executed for the given time.</doc>
<status status="PASS" start="2025-06-03T10:22:28.400999" elapsed="2.001119"/>
</kw>
<status status="PASS" start="2025-06-03T10:22:27.504562" elapsed="2.897688"/>
</kw>
<kw name="Close app" owner="AppSetup">
<kw name="Close Application" owner="AppiumLibrary">
<doc>Closes the current application and also close webdriver session.</doc>
<status status="PASS" start="2025-06-03T10:22:30.403217" elapsed="0.674361"/>
</kw>
<status status="PASS" start="2025-06-03T10:22:30.402915" elapsed="0.674741"/>
</kw>
<tag>fullcycle</tag>
<status status="PASS" start="2025-06-03T10:20:09.337849" elapsed="141.740228"/>
</test>
<doc>Full Cycle Module Test Case for Kri-Shop App</doc>
<status status="PASS" start="2025-06-03T10:20:09.172476" elapsed="141.907002"/>
</suite>
<status status="PASS" start="2025-06-03T10:20:09.149728" elapsed="141.930889"/>
</suite>
<statistics>
<total>
<stat pass="1" fail="0" skip="0">All Tests</stat>
</total>
<tag>
<stat pass="1" fail="0" skip="0">fullcycle</stat>
</tag>
<suite>
<stat name="Test Suites" id="s1" pass="1" fail="0" skip="0">Test Suites</stat>
<stat name="Full Cycle Gherkin" id="s1-s1" pass="1" fail="0" skip="0">Test Suites.Full Cycle Gherkin</stat>
</suite>
</statistics>
<errors>
</errors>
</robot>
